make: Nothing to be done for 'all'.
Reading images: source= A_1920x1080.png target= B_1920x1080.png
Output= out_AtoB.png
Pixel Geometry: 0 x 0
Warning in <TASImage::GetArgbArray>: no image
Warning in <TASImage::GetArgbArray>: no image
start E = 0

 *** Break *** floating point exception
Auto T0 = 1 (probe=0)
Tf=0.010000 alpha=0.999999424



===========================================================
There was a crash.
This is the entire stack trace of all threads:
===========================================================
#0  0x00007f16a43d5e0b in waitpid () from /lib64/libc.so.6
#1  0x00007f16a4329747 in do_system () from /lib64/libc.so.6
#2  0x00007f16a6d00988 in TUnixSystem::StackTrace() () from /home/dke8qv/miniconda3/envs/phys56xx/lib/libCore.so.6.36
#3  0x00007f16a6d00286 in TUnixSystem::DispatchSignals(ESignals) () from /home/dke8qv/miniconda3/envs/phys56xx/lib/libCore.so.6.36
#4  <signal handler called>
#5  0x00005602825b7f6e in main ()
===========================================================


The lines below might hint at the cause of the crash. If you see question
marks as part of the stack trace, try to recompile with debugging information
enabled and export CLING_DEBUG=1 environment variable before running.
You may get help by asking at the ROOT forum https://root.cern/forum
preferably using the command (.forum bug) in the ROOT prompt.
Only if you are really convinced it is a bug in ROOT then please submit a
report at https://root.cern/bugs or (preferably) using the command (.gh bug) in
the ROOT prompt. Please post the ENTIRE stack trace
from above as an attachment in addition to anything else
that might help us fixing this issue.
===========================================================
#5  0x00005602825b7f6e in main ()
===========================================================


real 4.28
user 2.09
sys 0.67
done
