make: Nothing to be done for 'all'.
Reading images: source= A_1920x1080.png target= B_1920x1080.png
Output= out_AtoB.png
Pixel Geometry: 1920 x 1080
start E = 122039983825
Auto T0 = 77899.2 (probe=50000)
Tf=1 alpha=9.999998122805016e-01
0 T=77899.185377 curE=122039952365 bestE=122039952365
100000 T=76450.505455 curE=121418991415 bestE=121418914705
200000 T=75028.766425 curE=120869344181 bestE=120869344007
300000 T=73633.467270 curE=120350392847 bestE=120350244439
400000 T=72264.116293 curE=119851227897 bestE=119851115465
500000 T=70920.230938 curE=119384812979 bestE=119384719237
600000 T=69601.337626 curE=118928005785 bestE=118928005785
700000 T=68306.971583 curE=118497280663 bestE=118497244759
800000 T=67036.676678 curE=118112346975 bestE=118112209877
900000 T=65790.005265 curE=117717830291 bestE=117717814963
1000000 T=64566.518020 curE=117318520311 bestE=117318481517
1100000 T=63365.783791 curE=116934941753 bestE=116934934709
1200000 T=62187.379443 curE=116579524489 bestE=116579524489
1300000 T=61030.889712 curE=116228507557 bestE=116228369805
1400000 T=59895.907053 curE=115879568783 bestE=115879568783
1500000 T=58782.031503 curE=115541613555 bestE=115541600633
1600000 T=57688.870536 curE=115225000841 bestE=115224989361
1700000 T=56616.038926 curE=114901847077 bestE=114901833331
1800000 T=55563.158610 curE=114588030017 bestE=114587915259
1900000 T=54529.858559 curE=114279917895 bestE=114279691229
2000000 T=53515.774639 curE=113984482483 bestE=113984302939
2100000 T=52520.549492 curE=113701177953 bestE=113700990259
2200000 T=51543.832403 curE=113414480135 bestE=113414372415
2300000 T=50585.279182 curE=113136391271 bestE=113136323121
2400000 T=49644.552036 curE=112857323163 bestE=112857304811
2500000 T=48721.319458 curE=112595341711 bestE=112595318263
2600000 T=47815.256103 curE=112352629423 bestE=112352629423
2700000 T=46926.042677 curE=112092448771 bestE=112092409017
2800000 T=46053.365825 curE=111846233745 bestE=111846217037
2900000 T=45196.918019 curE=111607569635 bestE=111607311231
3000000 T=44356.397450 curE=111368131667 bestE=111368049407
3100000 T=43531.507920 curE=111135508627 bestE=111135245087
3200000 T=42721.958742 curE=110889344667 bestE=110889282089
3300000 T=41927.464633 curE=110663317045 bestE=110663311557
3400000 T=41147.745617 curE=110432033813 bestE=110432001537
3500000 T=40382.526923 curE=110208600809 bestE=110208443463
3600000 T=39631.538890 curE=109996331937 bestE=109996288775
3700000 T=38894.516874 curE=109781457573 bestE=109781457573
3800000 T=38171.201150 curE=109562113779 bestE=109561986959
3900000 T=37461.336824 curE=109340456391 bestE=109340425661
4000000 T=36764.673743 curE=109129908403 bestE=109129741581
4100000 T=36080.966405 curE=108913307723 bestE=108913282941
4200000 T=35409.973873 curE=108710093329 bestE=108709952679
4300000 T=34751.459693 curE=108500220039 bestE=108500212941
4400000 T=34105.191806 curE=108298874667 bestE=108298874667
4500000 T=33470.942470 curE=108097623233 bestE=108097601837
4600000 T=32848.488178 curE=107892945921 bestE=107892811861
4700000 T=32237.609578 curE=107688247595 bestE=107688184101
4800000 T=31638.091399 curE=107489526363 bestE=107489509333
4900000 T=31049.722374 curE=107290437217 bestE=107290415891
5000000 T=30472.295163 curE=107095698289 bestE=107095698289
5100000 T=29905.606282 curE=106900964535 bestE=106900634887
5200000 T=29349.456032 curE=106696691685 bestE=106696658913
5300000 T=28803.648429 curE=106502712153 bestE=106502712153
5400000 T=28267.991131 curE=106303407275 bestE=106303252191
5500000 T=27742.295374 curE=106115135341 bestE=106115135341
5600000 T=27226.375906 curE=105918478435 bestE=105918478435
5700000 T=26720.050918 curE=105737449395 bestE=105737351345
5800000 T=26223.141982 curE=105540722363 bestE=105540720279
5900000 T=25735.473991 curE=105363522857 bestE=105363478201
6000000 T=25256.875090 curE=105173472667 bestE=105173416439
6100000 T=24787.176625 curE=104996277473 bestE=104996225015
6200000 T=24326.213074 curE=104814576179 bestE=104814550203
6300000 T=23873.821996 curE=104639492445 bestE=104639370787
6400000 T=23429.843970 curE=104454350045 bestE=104454258349
6500000 T=22994.122538 curE=104276885341 bestE=104276878367
6600000 T=22566.504156 curE=104105700243 bestE=104105660983
6700000 T=22146.838131 curE=103931395651 bestE=103931324501
6800000 T=21734.976575 curE=103758788603 bestE=103758788603
6900000 T=21330.774348 curE=103579230071 bestE=103579184509
7000000 T=20934.089012 curE=103409313313 bestE=103409313313
[2025-12-19T10:11:14.139] error: *** JOB 6774325 ON udc-aw33-18c0 CANCELLED AT 2025-12-19T10:11:14 DUE to SIGNAL Terminated ***
