make: Nothing to be done for 'all'.
Reading images: source= A_1920x1080.png target= B_1920x1080.png
Output= out_AtoB.png
Pixel Geometry: 1920 x 1080
start E = 266201652916
Auto T0 = 130154 (probe=50000)
Tf=50.000000 alpha=0.999999869
0 T=130154.382940114 curE=266201675308 bestE=266201652916
100000 T=128459.526273742 curE=265109297750 bestE=265111062272
200000 T=126786.739852373 curE=264073132392 bestE=264075766974
300000 T=125135.736279599 curE=263056536880 bestE=263058027696
400000 T=123506.231901458 curE=262062877300 bestE=262063829690
500000 T=121897.946757706 curE=261140129952 bestE=261141491346
600000 T=120310.604533706 curE=260259997692 bestE=260262878622
700000 T=118743.932512964 curE=259373063538 bestE=259374370938
800000 T=117197.661530269 curE=258544059022 bestE=258544416882
900000 T=115671.525925453 curE=257713639396 bestE=257715963778
1000000 T=114165.263497746 curE=256910382620 bestE=256911031958
1100000 T=112678.615460725 curE=256141265678 bestE=256142281280
1200000 T=111211.326397866 curE=255419803082 bestE=255422238982
1300000 T=109763.144218643 curE=254693490640 bestE=254694046002
1400000 T=108333.820115232 curE=253999552176 bestE=254001728710
1500000 T=106923.108519756 curE=253312953856 bestE=253313308772
1600000 T=105530.767062094 curE=252630896962 bestE=252631840382
1700000 T=104156.556528248 curE=251970071338 bestE=251971882380
1800000 T=102800.240819238 curE=251335434156 bestE=251335807534
1900000 T=101461.586910538 curE=250724254304 bestE=250724513764
2000000 T=100140.364812047 curE=250133766864 bestE=250134216714
2100000 T=98836.347528566 curE=249556017252 bestE=249556546510
2200000 T=97549.311020809 curE=249002221892 bestE=249004140240
2300000 T=96279.034166902 curE=248441404714 bestE=248442729514
2400000 T=95025.298724392 curE=247913813912 bestE=247914086170
2500000 T=93787.889292769 curE=247371299524 bestE=247373999386
2600000 T=92566.593276439 curE=246860900386 bestE=246863163786
2700000 T=91361.200848199 curE=246358856138 bestE=246358856464
2800000 T=90171.504913209 curE=245862438076 bestE=245862725432
2900000 T=88997.301073377 curE=245378035670 bestE=245378984650
3000000 T=87838.387592279 curE=244886846992 bestE=244888119414
3100000 T=86694.565360470 curE=244429267418 bestE=244429330082
3200000 T=85565.637861294 curE=243978881938 bestE=243981779984
3300000 T=84451.411137112 curE=243547721008 bestE=243549985066
3400000 T=83351.693755978 curE=243108799078 bestE=243109172070
3500000 T=82266.296778753 curE=242659729182 bestE=242661987342
3600000 T=81195.033726649 curE=242230926964 bestE=242232829480
3700000 T=80137.720549181 curE=241799352876 bestE=241802206154
3800000 T=79094.175592550 curE=241379556454 bestE=241381143244
3900000 T=78064.219568433 curE=240985399900 bestE=240986546038
4000000 T=77047.675523185 curE=240563429366 bestE=240564167254
4100000 T=76044.368807431 curE=240151281976 bestE=240151595842
4200000 T=75054.127046053 curE=239765685906 bestE=239767132112
4300000 T=74076.780108598 curE=239391436530 bestE=239393284232
4400000 T=73112.160080028 curE=239005994034 bestE=239007886136
4500000 T=72160.101231872 curE=238639783696 bestE=238640008758
4600000 T=71220.439993762 curE=238265230704 bestE=238266804006
4700000 T=70293.014925325 curE=237896046098 bestE=237897617360
4800000 T=69377.666688451 curE=237532176270 bestE=237533106712
4900000 T=68474.238019912 curE=237187103332 bestE=237188388480
5000000 T=67582.573704341 curE=236843346568 bestE=236844125134
5100000 T=66702.520547573 curE=236499560912 bestE=236502371978
5200000 T=65833.927350325 curE=236171963060 bestE=236172850910
5300000 T=64976.644882207 curE=235845834154 bestE=235846184490
5400000 T=64130.525856096 curE=235521772626 bestE=235523545722
5500000 T=63295.424902830 curE=235190121926 bestE=235191493338
5600000 T=62471.198546221 curE=234872878386 bestE=234873896754
5700000 T=61657.705178418 curE=234554075982 bestE=234556445324
5800000 T=60854.805035570 curE=234254456814 bestE=234254545526
5900000 T=60062.360173819 curE=233939622646 bestE=233940740478
6000000 T=59280.234445596 curE=233649843342 bestE=233651258556
6100000 T=58508.293476229 curE=233356991028 bestE=233358760688
6200000 T=57746.404640861 curE=233049946192 bestE=233050765658
6300000 T=56994.437041664 curE=232760192620 bestE=232761588722
6400000 T=56252.261485343 curE=232455250910 bestE=232457265268
6500000 T=55519.750460948 curE=232196795686 bestE=232198962302
6600000 T=54796.778117963 curE=231915116832 bestE=231915899756
6700000 T=54083.220244682 curE=231615146846 bestE=231617218488
6800000 T=53378.954246872 curE=231346710716 bestE=231348333456
6900000 T=52683.859126711 curE=231080286502 bestE=231082562798
7000000 T=51997.815461995 curE=230822492166 bestE=230824145818
7100000 T=51320.705385624 curE=230549038036 bestE=230549752376
7200000 T=50652.412565352 curE=230288028754 bestE=230290039822
7300000 T=49992.822183799 curE=230026834230 bestE=230028218654
7400000 T=49341.820918724 curE=229776439980 bestE=229778774532
7500000 T=48699.296923558 curE=229535060840 bestE=229535107194
7600000 T=48065.139808185 curE=229275161088 bestE=229277466906
7700000 T=47439.240619976 curE=229015393014 bestE=229018337640
7800000 T=46821.491825076 curE=228770453238 bestE=228771305350
7900000 T=46211.787289918 curE=228523262418 bestE=228524810348
8000000 T=45610.022263002 curE=228280395704 bestE=228281177240
8100000 T=45016.093356885 curE=228037594582 bestE=228038282160
8200000 T=44429.898530430 curE=227793068250 bestE=227795044876
8300000 T=43851.337071265 curE=227561588504 bestE=227563388620
8400000 T=43280.309578486 curE=227322127284 bestE=227323537830
8500000 T=42716.717945575 curE=227091741816 bestE=227091822160
8600000 T=42160.465343549 curE=226856133740 bestE=226857608608
8700000 T=41611.456204319 curE=226622755728 bestE=226624340674
8800000 T=41069.596204277 curE=226406783544 bestE=226409058348
8900000 T=40534.792248086 curE=226189553878 bestE=226189608052
9000000 T=40006.952452685 curE=225966902820 bestE=225968054726
9100000 T=39485.986131505 curE=225745875280 bestE=225746019970
9200000 T=38971.803778889 curE=225528195202 bestE=225529258490
9300000 T=38464.317054715 curE=225311736306 bestE=225313573396
9400000 T=37963.438769214 curE=225080714550 bestE=225082514240
9500000 T=37469.082867992 curE=224868791584 bestE=224870387482
9600000 T=36981.164417249 curE=224648317494 bestE=224648531788
9700000 T=36499.599589180 curE=224440656902 bestE=224442571518
9800000 T=36024.305647585 curE=224228436352 bestE=224229903724
9900000 T=35555.200933635 curE=224027664792 bestE=224029893166
10000000 T=35092.204851863 curE=223816852288 bestE=223816947410
10100000 T=34635.237856304 curE=223620531576 bestE=223623232500
10200000 T=34184.221436834 curE=223423785844 bestE=223424046172
10300000 T=33739.078105675 curE=223223002172 bestE=223224437286
10400000 T=33299.731384090 curE=223033955694 bestE=223034608586
10500000 T=32866.105789241 curE=222842341120 bestE=222844466704
10600000 T=32438.126821217 curE=222655292980 bestE=222657472750
10700000 T=32015.720950238 curE=222461707698 bestE=222464076296
10800000 T=31598.815604022 curE=222267113520 bestE=222268267014
10900000 T=31187.339155314 curE=222072550920 bestE=222075004244
11000000 T=30781.220909584 curE=221878722942 bestE=221879429570
11100000 T=30380.391092875 curE=221694903974 bestE=221696491298
11200000 T=29984.780839824 curE=221508057570 bestE=221508270592
11300000 T=29594.322181821 curE=221314036354 bestE=221314318802
11400000 T=29208.948035337 curE=221128764266 bestE=221128890554
11500000 T=28828.592190400 curE=220940978304 bestE=220941783154
11600000 T=28453.189299216 curE=220753338480 bestE=220754429502
11700000 T=28082.674864943 curE=220585562046 bestE=220587061850
11800000 T=27716.985230608 curE=220408027264 bestE=220410207450
11900000 T=27356.057568176 curE=220225707874 bestE=220228274934
12000000 T=26999.829867751 curE=220056340516 bestE=220058061710
12100000 T=26648.240926921 curE=219882096328 bestE=219884381776
12200000 T=26301.230340248 curE=219709499836 bestE=219710336908
12300000 T=25958.738488886 curE=219544995976 bestE=219545771306
12400000 T=25620.706530341 curE=219375085812 bestE=219375190192
12500000 T=25287.076388357 curE=219206951070 bestE=219208797384
12600000 T=24957.790742944 curE=219042680746 bestE=219043946780
12700000 T=24632.793020524 curE=218877072232 bestE=218879558578
12800000 T=24312.027384214 curE=218707381960 bestE=218707418858
12900000 T=23995.438724237 curE=218547411068 bestE=218547595322
13000000 T=23682.972648445 curE=218391066866 bestE=218391311264
13100000 T=23374.575472983 curE=218231630482 bestE=218232615890
13200000 T=23070.194213059 curE=218069699382 bestE=218070980674
13300000 T=22769.776573843 curE=217921194508 bestE=217921730442
13400000 T=22473.270941484 curE=217772939602 bestE=217774874970
13500000 T=22180.626374240 curE=217626789784 bestE=217629386216
13600000 T=21891.792593729 curE=217479512232 bestE=217481410346
13700000 T=21606.719976287 curE=217331378332 bestE=217332741278
13800000 T=21325.359544444 curE=217180982936 bestE=217181098008
13900000 T=21047.662958511 curE=217027027906 bestE=217029581270
14000000 T=20773.582508272 curE=216886985656 bestE=216888581290
14100000 T=20503.071104789 curE=216739423282 bestE=216740925358
14200000 T=20236.082272312 curE=216597192618 bestE=216597393042
14300000 T=19972.570140291 curE=216459429080 bestE=216461478322
14400000 T=19712.489435499 curE=216326030408 bestE=216326911120
14500000 T=19455.795474251 curE=216185505574 bestE=216186043776
14600000 T=19202.444154732 curE=216050243274 bestE=216051557486
14700000 T=18952.391949412 curE=215913001816 bestE=215913305368
14800000 T=18705.595897573 curE=215782474238 bestE=215784298094
14900000 T=18462.013597927 curE=215652488938 bestE=215652817312
15000000 T=18221.603201334 curE=215520643864 bestE=215522605286
15100000 T=17984.323403603 curE=215388754674 bestE=215390547178
15200000 T=17750.133438408 curE=215253519748 bestE=215254870148
15300000 T=17518.993070273 curE=215124947666 bestE=215125543912
15400000 T=17290.862587668 curE=214995154780 bestE=214996321474
15500000 T=17065.702796180 curE=214865839398 bestE=214867256318
15600000 T=16843.475011782 curE=214737632116 bestE=214739647826
15700000 T=16624.141054187 curE=214610431340 bestE=214612070172
15800000 T=16407.663240287 curE=214486227380 bestE=214487631062
15900000 T=16194.004377680 curE=214361484968 bestE=214363524570
16000000 T=15983.127758278 curE=214237733776 bestE=214239119890
16100000 T=15774.997152004 curE=214116376522 bestE=214116446604
16200000 T=15569.576800563 curE=213991876314 bestE=213992985998
16300000 T=15366.831411304 curE=213872671192 bestE=213873068960
16400000 T=15166.726151150 curE=213752432588 bestE=213753525312
16500000 T=14969.226640617 curE=213634675706 bestE=213635522090
16600000 T=14774.298947910 curE=213517907588 bestE=213518900338
16700000 T=14581.909583086 curE=213406784068 bestE=213408616996
16800000 T=14392.025492308 curE=213287213294 bestE=213287955778
16900000 T=14204.614052161 curE=213172886440 bestE=213173633888
17000000 T=14019.643064049 curE=213060248426 bestE=213061364326
17100000 T=13837.080748663 curE=212947621726 bestE=212947748676
17200000 T=13656.895740519 curE=212835439374 bestE=212836751474
17300000 T=13479.057082574 curE=212723943224 bestE=212724829578
17400000 T=13303.534220902 curE=212613259528 bestE=212613774126
17500000 T=13130.296999448 curE=212507093158 bestE=212508704238
17600000 T=12959.315654846 curE=212396221412 bestE=212396940148
17700000 T=12790.560811304 curE=212292690142 bestE=212292827616
17800000 T=12624.003475562 curE=212184405846 bestE=212185539866
17900000 T=12459.615031904 curE=212076764936 bestE=212077676684
18000000 T=12297.367237244 curE=211972602836 bestE=211973844144
18100000 T=12137.232216279 curE=211865363642 bestE=211865568234
18200000 T=11979.182456690 curE=211764340720 bestE=211765679304
18300000 T=11823.190804425 curE=211667610952 bestE=211668723092
18400000 T=11669.230459026 curE=211566924520 bestE=211568368140
18500000 T=11517.274969028 curE=211471213744 bestE=211471884678
18600000 T=11367.298227418 curE=211370196408 bestE=211370792810
18700000 T=11219.274467140 curE=211271877600 bestE=211272226860
18800000 T=11073.178256679 curE=211174660982 bestE=211175387936
18900000 T=10928.984495683 curE=211081537792 bestE=211082840502
19000000 T=10786.668410655 curE=210988088064 bestE=210988588106
19100000 T=10646.205550698 curE=210892933642 bestE=210892998542
19200000 T=10507.571783309 curE=210804234886 bestE=210804464132
19300000 T=10370.743290238 curE=210711147590 bestE=210712186558
19400000 T=10235.696563392 curE=210623747108 bestE=210624260390
19500000 T=10102.408400799 curE=210536106814 bestE=210536394730
19600000 T=9970.855902622 curE=210446677706 bestE=210447077866
19700000 T=9841.016467220 curE=210352086812 bestE=210353379594
19800000 T=9712.867787271 curE=210260348776 bestE=210260484792
19900000 T=9586.387845936 curE=210170138934 bestE=210170229790
20000000 T=9461.554913075 curE=210082177106 bestE=210082370346
20100000 T=9338.347541518 curE=209997767734 bestE=209998550072
20200000 T=9216.744563377 curE=209909193154 bestE=209910305668
20300000 T=9096.725086410 curE=209822108774 bestE=209823087408
20400000 T=8978.268490431 curE=209736341114 bestE=209736538216
20500000 T=8861.354423768 curE=209651069618 bestE=209652242148
20600000 T=8745.962799767 curE=209567236278 bestE=209567935446
20700000 T=8632.073793341 curE=209482196190 bestE=209483554874
20800000 T=8519.667837562 curE=209399359758 bestE=209400327356
20900000 T=8408.725620299 curE=209316414496 bestE=209317224316
21000000 T=8299.228080905 curE=209234607404 bestE=209234590622
21100000 T=8191.156406937 curE=209153421942 bestE=209154473336
21200000 T=8084.492030925 curE=209075488738 bestE=209075843058
21300000 T=7979.216627183 curE=208997802526 bestE=208998785370
21400000 T=7875.312108660 curE=208919121150 bestE=208919454302
21500000 T=7772.760623834 curE=208843990056 bestE=208844332088
21600000 T=7671.544553642 curE=208764801012 bestE=208765333400
21700000 T=7571.646508456 curE=208690432572 bestE=208691772960
21800000 T=7473.049325093 curE=208613293528 bestE=208614339912
21900000 T=7375.736063867 curE=208537127292 bestE=208537778872
22000000 T=7279.690005679 curE=208461375542 bestE=208461773216
22100000 T=7184.894649145 curE=208387055646 bestE=208387535408
22200000 T=7091.333707760 curE=208314620798 bestE=208315694288
22300000 T=6998.991107100 curE=208244356794 bestE=208244604892
22400000 T=6907.850982059 curE=208167146498 bestE=208167187388
22500000 T=6817.897674127 curE=208095757224 bestE=208096571834
22600000 T=6729.115728697 curE=208024319274 bestE=208025067254
22700000 T=6641.489892410 curE=207954781060 bestE=207955304340
22800000 T=6555.005110534 curE=207885179030 bestE=207886164822
22900000 T=6469.646524379 curE=207817903998 bestE=207818029884
23000000 T=6385.399468742 curE=207751508804 bestE=207752295234
23100000 T=6302.249469391 curE=207681355074 bestE=207681362624
23200000 T=6220.182240574 curE=207617977758 bestE=207618110464
23300000 T=6139.183682566 curE=207552636638 bestE=207553153082
23400000 T=6059.239879250 curE=207486038354 bestE=207486694516
23500000 T=5980.337095721 curE=207418979408 bestE=207419308384
23600000 T=5902.461775929 curE=207354381328 bestE=207354402984
23700000 T=5825.600540349 curE=207289180966 bestE=207290087382
23800000 T=5749.740183683 curE=207224098854 bestE=207224990420
23900000 T=5674.867672592 curE=207156982284 bestE=207157373956
24000000 T=5600.970143455 curE=207092559508 bestE=207092779730
24100000 T=5528.034900159 curE=207030068792 bestE=207030568214
24200000 T=5456.049411919 curE=206971510654 bestE=206972312388
24300000 T=5385.001311126 curE=206908008404 bestE=206908764374
24400000 T=5314.878391218 curE=206847109040 bestE=206847321180
24500000 T=5245.668604587 curE=206786361080 bestE=206786395130
24600000 T=5177.360060509 curE=206725768614 bestE=206725953494
24700000 T=5109.941023097 curE=206663770232 bestE=206663793854
24800000 T=5043.399909289 curE=206604525910 bestE=206604853280
24900000 T=4977.725286857 curE=206545227120 bestE=206545243712
25000000 T=4912.905872442 curE=206488647346 bestE=206488814426
25100000 T=4848.930529614 curE=206431918304 bestE=206432606184
25200000 T=4785.788266962 curE=206373655438 bestE=206373935984
25300000 T=4723.468236204 curE=206313178548 bestE=206313400968
25400000 T=4661.959730323 curE=206256171508 bestE=206256520932
25500000 T=4601.252181727 curE=206199354910 bestE=206199447536
25600000 T=4541.335160435 curE=206141835156 bestE=206141833418
25700000 T=4482.198372284 curE=206085448760 bestE=206086258714
25800000 T=4423.831657159 curE=206029814336 bestE=206030518026
25900000 T=4366.224987252 curE=205975520664 bestE=205975657246
26000000 T=4309.368465332 curE=205919391096 bestE=205919529386
26100000 T=4253.252323053 curE=205865511972 bestE=205865600526
26200000 T=4197.866919268 curE=205809312088 bestE=205809967136
26300000 T=4143.202738378 curE=205757497194 bestE=205758172806
26400000 T=4089.250388695 curE=205706375242 bestE=205706889176
26500000 T=4036.000600826 curE=205653449130 bestE=205653519848
26600000 T=3983.444226086 curE=205599682310 bestE=205599717406
26700000 T=3931.572234923 curE=205546763674 bestE=205547148918
26800000 T=3880.375715366 curE=205496569352 bestE=205496658730
26900000 T=3829.845871494 curE=205443491466 bestE=205443962732
27000000 T=3779.974021927 curE=205391852556 bestE=205392333266
27100000 T=3730.751598332 curE=205342017280 bestE=205342249038
27200000 T=3682.170143953 curE=205294712856 bestE=205294751922
27300000 T=3634.221312157 curE=205245558102 bestE=205246041418
27400000 T=3586.896864998 curE=205194352350 bestE=205194547604
27500000 T=3540.188671805 curE=205146078120 bestE=205146589030
27600000 T=3494.088707785 curE=205095976966 bestE=205096270140
27700000 T=3448.589052641 curE=205048800628 bestE=205049307588
27800000 T=3403.681889214 curE=205001627736 bestE=205002167972
27900000 T=3359.359502139 curE=204955423134 bestE=204955699340
28000000 T=3315.614276520 curE=204905280380 bestE=204905844312
28100000 T=3272.438696622 curE=204859770720 bestE=204859923764
28200000 T=3229.825344579 curE=204815690852 bestE=204816096550
28300000 T=3187.766899117 curE=204769546186 bestE=204770056654
28400000 T=3146.256134303 curE=204723868226 bestE=204724363504
28500000 T=3105.285918295 curE=204679445246 bestE=204679472068
28600000 T=3064.849212126 curE=204634139470 bestE=204634566764
28700000 T=3024.939068485 curE=204590784226 bestE=204591394806
28800000 T=2985.548630532 curE=204545659362 bestE=204546210754
28900000 T=2946.671130713 curE=204500622822 bestE=204501258832
29000000 T=2908.299889601 curE=204459609494 bestE=204460031384
29100000 T=2870.428314750 curE=204418122454 bestE=204418457470
29200000 T=2833.049899558 curE=204375834524 bestE=204376565946
29300000 T=2796.158222152 curE=204333057668 bestE=204333090360
29400000 T=2759.746944283 curE=204290855580 bestE=204291004438
29500000 T=2723.809810240 curE=204248784514 bestE=204249537220
29600000 T=2688.340645772 curE=204205089778 bestE=204205710576
29700000 T=2653.333357027 curE=204163848694 bestE=204164003122
29800000 T=2618.781929509 curE=204123424000 bestE=204123559316
29900000 T=2584.680427042 curE=204082306732 bestE=204082493064
30000000 T=2551.022990747 curE=204042290042 bestE=204042883084
30100000 T=2517.803838044 curE=204002104148 bestE=204002154148
30200000 T=2485.017261648 curE=203963809380 bestE=203963846496
30300000 T=2452.657628597 curE=203924888584 bestE=203925223754
30400000 T=2420.719379279 curE=203885429438 bestE=203885477798
30500000 T=2389.197026480 curE=203847160938 bestE=203847442212
30600000 T=2358.085154439 curE=203808261360 bestE=203808722908
30700000 T=2327.378417919 curE=203770264650 bestE=203770397086
30800000 T=2297.071541287 curE=203729903864 bestE=203730268326
30900000 T=2267.159317612 curE=203691252058 bestE=203691289818
31000000 T=2237.636607762 curE=203654214086 bestE=203654637724
31100000 T=2208.498339531 curE=203618328856 bestE=203618519580
31200000 T=2179.739506760 curE=203582227520 bestE=203582329518
31300000 T=2151.355168480 curE=203543404354 bestE=203543605324
31400000 T=2123.340448063 curE=203507146692 bestE=203507757864
31500000 T=2095.690532386 curE=203470477308 bestE=203470501604
31600000 T=2068.400670998 curE=203435114428 bestE=203435443174
31700000 T=2041.466175310 curE=203400563094 bestE=203400742706
31800000 T=2014.882417789 curE=203365649490 bestE=203365708644
31900000 T=1988.644831159 curE=203332169642 bestE=203332535558
32000000 T=1962.748907618 curE=203298751830 bestE=203298916894
32100000 T=1937.190198066 curE=203264224648 bestE=203264594226
32200000 T=1911.964311338 curE=203230894152 bestE=203231043010
32300000 T=1887.066913450 curE=203195540128 bestE=203195723792
32400000 T=1862.493726855 curE=203160703874 bestE=203160957044
32500000 T=1838.240529707 curE=203127758814 bestE=203128029090
32600000 T=1814.303155139 curE=203094492074 bestE=203094657486
32700000 T=1790.677490541 curE=203062639180 bestE=203062728374
32800000 T=1767.359476859 curE=203028916306 bestE=203029238626
32900000 T=1744.345107895 curE=202995988358 bestE=202996008594
33000000 T=1721.630429620 curE=202963661908 bestE=202963696432
33100000 T=1699.211539493 curE=202933365532 bestE=202933599320
33200000 T=1677.084585792 curE=202902266910 bestE=202902303510
33300000 T=1655.245766952 curE=202870454714 bestE=202870821640
33400000 T=1633.691330910 curE=202839207056 bestE=202839358528
33500000 T=1612.417574465 curE=202806744410 bestE=202806950472
33600000 T=1591.420842635 curE=202776043330 bestE=202776150508
33700000 T=1570.697528036 curE=202744677026 bestE=202744714258
33800000 T=1550.244070257 curE=202713945130 bestE=202714021694
33900000 T=1530.056955250 curE=202683933390 bestE=202683990974
34000000 T=1510.132714730 curE=202655706004 bestE=202655912866
34100000 T=1490.467925570 curE=202625880056 bestE=202625983594
34300000 T=1451.903231139 curE=202568646244 bestE=202568725692
34400000 T=1432.996700182 curE=202540605290 bestE=202540792754
34500000 T=1414.336368080 curE=202512266366 bestE=202512555078
34600000 T=1395.919028857 curE=202483980604 bestE=202484294572
34700000 T=1377.741518286 curE=202455484582 bestE=202455769602
34800000 T=1359.800713343 curE=202428332622 bestE=202428740050
34900000 T=1342.093531672 curE=202400688894 bestE=202400974734
35100000 T=1307.367908893 curE=202344807576 bestE=202345019532
35200000 T=1290.343501680 curE=202317571038 bestE=202317581308
35300000 T=1273.540784504 curE=202289228598 bestE=202289321084
35400000 T=1256.956870541 curE=202262025202 bestE=202262059640
35500000 T=1240.588910560 curE=202235999186 bestE=202236309646
35600000 T=1224.434092429 curE=202210374744 bestE=202210472688
35700000 T=1208.489640639 curE=202184956754 bestE=202185015630
35800000 T=1192.752815820 curE=202159500128 bestE=202159632720
35900000 T=1177.220914277 curE=202134012578 bestE=202134199686
36000000 T=1161.891267520 curE=202107933078 bestE=202108299380
36100000 T=1146.761241809 curE=202082734260 bestE=202082743846
36200000 T=1131.828237699 curE=202057125688 bestE=202057292990
36300000 T=1117.089689595 curE=202033026960 bestE=202033276248
36400000 T=1102.543065312 curE=202008847088 bestE=202009098708
36500000 T=1088.185865639 curE=201984182768 bestE=201984326070
36700000 T=1060.029905572 curE=201936099850 bestE=201936215406
36800000 T=1046.226307788 curE=201912717828 bestE=201912932268
36900000 T=1032.602459000 curE=201888404824 bestE=201888601394
37000000 T=1019.156018535 curE=201865276486 bestE=201865509142
37100000 T=1005.884676203 curE=201841502168 bestE=201841610794
37200000 T=992.786151892 curE=201817602714 bestE=201817860950
37300000 T=979.858195186 curE=201792458994 bestE=201792775074
37400000 T=967.098584970 curE=201769026184 bestE=201769312430
37500000 T=954.505129054 curE=201744363364 bestE=201744523086
37600000 T=942.075663795 curE=201721876542 bestE=201722073916
37700000 T=929.808053724 curE=201697548872 bestE=201697711610
37800000 T=917.700191178 curE=201674485264 bestE=201674660836
37900000 T=905.749995944 curE=201651606942 bestE=201651789500
38000000 T=893.955414893 curE=201629981720 bestE=201630035664
38100000 T=882.314421635 curE=201606956256 bestE=201607158120
38200000 T=870.825016164 curE=201584064788 bestE=201584093256
38300000 T=859.485224522 curE=201562404914 bestE=201562469616
38400000 T=848.293098452 curE=201539801212 bestE=201539853728
38500000 T=837.246715069 curE=201516677976 bestE=201516908772
38600000 T=826.344176527 curE=201494857364 bestE=201494983640
38700000 T=815.583609693 curE=201472902036 bestE=201472910642
38800000 T=804.963165828 curE=201451061816 bestE=201451150360
38900000 T=794.481020264 curE=201430540706 bestE=201430850282
39000000 T=784.135372095 curE=201408054400 bestE=201408103322
39100000 T=773.924443867 curE=201387359716 bestE=201387508754
39200000 T=763.846481271 curE=201366241816 bestE=201366461950
39300000 T=753.899752843 curE=201345581468 bestE=201345653980
39400000 T=744.082549665 curE=201324527036 bestE=201324821088
39500000 T=734.393185072 curE=201303040758 bestE=201303087936
39600000 T=724.829994365 curE=201281258614 bestE=201281391722
39700000 T=715.391334519 curE=201260049164 bestE=201260163758
39800000 T=706.075583909 curE=201238137054 bestE=201238351604
39900000 T=696.881142021 curE=201217199434 bestE=201217229592
40000000 T=687.806429187 curE=201195857420 bestE=201196240068
40100000 T=678.849886309 curE=201175215858 bestE=201175252508
40200000 T=670.009974588 curE=201154596506 bestE=201154702434
40300000 T=661.285175266 curE=201134322942 bestE=201134390558
40400000 T=652.673989362 curE=201113982582 bestE=201114211058
40500000 T=644.174937415 curE=201094292244 bestE=201094501456
40600000 T=635.786559226 curE=201074679792 bestE=201074864504
40700000 T=627.507413615 curE=201055538982 bestE=201055666048
40800000 T=619.336078166 curE=201035108388 bestE=201035229168
40900000 T=611.271148987 curE=201014925464 bestE=201015262990
41000000 T=603.311240466 curE=200994174148 bestE=200994291052
41100000 T=595.454985035 curE=200974677794 bestE=200974760548
41200000 T=587.701032935 curE=200955117298 bestE=200955166348
41300000 T=580.048051983 curE=200935513880 bestE=200935713106
41500000 T=565.039761300 curE=200898034362 bestE=200898273492
41600000 T=557.681873040 curE=200879757094 bestE=200879910682
41700000 T=550.419798426 curE=200860680926 bestE=200860708418
41800000 T=543.252289783 curE=200842334814 bestE=200842362654
41900000 T=536.178115682 curE=200823031974 bestE=200823098184
42000000 T=529.196060732 curE=200803749140 bestE=200803849498
42100000 T=522.304925366 curE=200783692318 bestE=200783737570
42200000 T=515.503525638 curE=200765837292 bestE=200766023102
42300000 T=508.790693022 curE=200746764366 bestE=200746857242
42400000 T=502.165274205 curE=200727989032 bestE=200728034964
42500000 T=495.626130894 curE=200709785858 bestE=200709960746
42600000 T=489.172139618 curE=200692127652 bestE=200692408778
42700000 T=482.802191537 curE=200674634928 bestE=200674843610
42800000 T=476.515192249 curE=200656660220 bestE=200656846426
42900000 T=470.310061604 curE=200638519722 bestE=200638593126
43000000 T=464.185733516 curE=200620673588 bestE=200620974314
43100000 T=458.141155784 curE=200602766462 bestE=200602980808
43200000 T=452.175289906 curE=200585055558 bestE=200585258198
43300000 T=446.287110906 curE=200567404042 bestE=200567508624
43400000 T=440.475607152 curE=200550595884 bestE=200550658054
43500000 T=434.739780188 curE=200533298710 bestE=200533416234
43600000 T=429.078644558 curE=200516733756 bestE=200516965214
43700000 T=423.491227641 curE=200499571808 bestE=200499676948
43800000 T=417.976569478 curE=200482679762 bestE=200482791162
43900000 T=412.533722613 curE=200465796724 bestE=200465929304
44000000 T=407.161751926 curE=200447848322 bestE=200448032308
44100000 T=401.859734476 curE=200430426414 bestE=200430430752
44200000 T=396.626759339 curE=200414022582 bestE=200414184736
44300000 T=391.461927453 curE=200397205824 bestE=200397322202
44400000 T=386.364351464 curE=200380300032 bestE=200380326352
44500000 T=381.333155572 curE=200363240536 bestE=200363299216
44600000 T=376.367475384 curE=200346688366 bestE=200346834018
44700000 T=371.466457759 curE=200329802432 bestE=200329805086
44800000 T=366.629260670 curE=200313399318 bestE=200313557868
45000000 T=357.143014663 curE=200280226904 bestE=200280315862
45100000 T=352.492335942 curE=200262423964 bestE=200262442130
45200000 T=347.902217869 curE=200245999040 bestE=200246091652
45300000 T=343.371871830 curE=200229793404 bestE=200230101922
45500000 T=334.487392609 curE=200198045248 bestE=200198092402
45700000 T=325.832792355 curE=200167659476 bestE=200167832882
45800000 T=321.589832051 curE=200151715908 bestE=200151763228
45900000 T=317.402123129 curE=200136344108 bestE=200136353202
46000000 T=313.268946111 curE=200120623846 bestE=200120822976
46200000 T=305.163356602 curE=200089950098 bestE=200090222204
46300000 T=301.189551513 curE=200074092468 bestE=200074200794
46400000 T=297.267492895 curE=200058483112 bestE=200058513548
46500000 T=293.396506912 curE=200043912744 bestE=200044054148
46600000 T=289.575928501 curE=200027988250 bestE=200027995444
46700000 T=285.805101259 curE=200012852138 bestE=200012986828
46900000 T=278.410117302 curE=199981874454 bestE=199981931244
47000000 T=274.784690078 curE=199965629874 bestE=199965934048
47100000 T=271.206472785 curE=199950582774 bestE=199950709636
47200000 T=267.674850661 curE=199935858910 bestE=199935931456
47300000 T=264.189216948 curE=199921186608 bestE=199921341962
47400000 T=260.748972790 curE=199906114092 bestE=199906133852
47500000 T=257.353527129 curE=199891707390 bestE=199891710340
47600000 T=254.002296604 curE=199875632490 bestE=199875650120
47700000 T=250.694705450 curE=199861283284 bestE=199861456732
47800000 T=247.430185400 curE=199846261980 bestE=199846393012
48000000 T=241.028122444 curE=199816220048 bestE=199816375212
48100000 T=237.889479619 curE=199802034236 bestE=199802110652
48200000 T=234.791707871 curE=199787940408 bestE=199788152286
48300000 T=231.734274980 curE=199773739990 bestE=199773759452
48400000 T=228.716655658 curE=199759821332 bestE=199759999280
48500000 T=225.738331457 curE=199744998966 bestE=199745057428
48600000 T=222.798790681 curE=199729454432 bestE=199729481138
48700000 T=219.897528294 curE=199715698842 bestE=199715760676
48800000 T=217.034045841 curE=199700686946 bestE=199700726452
48900000 T=214.207851355 curE=199686357582 bestE=199686411728
49000000 T=211.418459276 curE=199673029362 bestE=199673202192
49100000 T=208.665390366 curE=199658864204 bestE=199659014354
49300000 T=203.266336230 curE=199632010154 bestE=199632028814
49400000 T=200.619423408 curE=199618602982 bestE=199618623964
49500000 T=198.006978407 curE=199605165232 bestE=199605167790
49600000 T=195.428552389 curE=199590794272 bestE=199590850260
49700000 T=192.883702363 curE=199575868268 bestE=199576166918
49800000 T=190.371991106 curE=199562425758 bestE=199562537724
49900000 T=187.892987088 curE=199548920922 bestE=199548982260
50000000 T=185.446264400 curE=199535462764 bestE=199535497478
50100000 T=183.031402676 curE=199522690222 bestE=199522696718
50200000 T=180.647987028 curE=199509085154 bestE=199509173116
50300000 T=178.295607968 curE=199495931848 bestE=199495979298
50400000 T=175.973861339 curE=199482996966 bestE=199483211100
50500000 T=173.682348251 curE=199469447566 bestE=199469513250
50600000 T=171.420675005 curE=199456153474 bestE=199456300456
50700000 T=169.188453029 curE=199442471492 bestE=199442609650
50800000 T=166.985298814 curE=199428876360 bestE=199428886032
50900000 T=164.810833840 curE=199415927516 bestE=199416051494
51000000 T=162.664684520 curE=199403132770 bestE=199403278340
51100000 T=160.546482131 curE=199391013220 bestE=199391164088
51200000 T=158.455862750 curE=199377223508 bestE=199377373428
51400000 T=154.355940958 curE=199350975666 bestE=199351162908
51500000 T=152.345934152 curE=199338260152 bestE=199338418000
51600000 T=150.362101443 curE=199325594182 bestE=199325630498
51700000 T=148.404101995 curE=199313293418 bestE=199313495170
51800000 T=146.471599409 curE=199301532506 bestE=199301784278
51900000 T=144.564261668 curE=199289645460 bestE=199289737058
52000000 T=142.681761079 curE=199277796564 bestE=199277933896
52100000 T=140.823774214 curE=199265288492 bestE=199265309144
52200000 T=138.989981858 curE=199253093396 bestE=199253104972
52300000 T=137.180068953 curE=199240287804 bestE=199240373024
52400000 T=135.393724543 curE=199227647994 bestE=199227698914
52500000 T=133.630641722 curE=199214535590 bestE=199214742092
52600000 T=131.890517580 curE=199201973328 bestE=199202224612
52700000 T=130.173053151 curE=199188556902 bestE=199188668408
52800000 T=128.477953364 curE=199176011682 bestE=199176042862
52900000 T=126.804926987 curE=199163371100 bestE=199163572700
53000000 T=125.153686583 curE=199151565240 bestE=199151634058
53100000 T=123.523948458 curE=199139531136 bestE=199139737516
53200000 T=121.915432611 curE=199127325706 bestE=199127328462
53300000 T=120.327862688 curE=199115439688 bestE=199115468466
53500000 T=117.214473143 curE=199092651732 bestE=199092703986
53700000 T=114.181640123 curE=199068520230 bestE=199068653824
53800000 T=112.694778832 curE=199056050894 bestE=199056174038
53900000 T=111.227279291 curE=199043899444 bestE=199043903630
54000000 T=109.778889375 curE=199031141634 bestE=199031278140
54100000 T=108.349360240 curE=199019007032 bestE=199019030588
54200000 T=106.938446282 curE=199006769916 bestE=199007076228
54300000 T=105.545905098 curE=198995334570 bestE=198995420402
54400000 T=104.171497438 curE=198983517948 bestE=198983547396
54500000 T=102.814987170 curE=198971096324 bestE=198971203976
54600000 T=101.476141236 curE=198959463216 bestE=198959566418
54700000 T=100.154729613 curE=198947175476 bestE=198947306482
54800000 T=98.850525272 curE=198935623312 bestE=198935772160
54900000 T=97.563304144 curE=198923730472 bestE=198923791994
55000000 T=96.292845073 curE=198911911922 bestE=198911921604
55100000 T=95.038929786 curE=198901175140 bestE=198901302550
55200000 T=93.801342852 curE=198889801936 bestE=198889824570
55300000 T=92.579871645 curE=198878688044 bestE=198878785436
55500000 T=90.184439714 curE=198855672672 bestE=198855797508
55600000 T=89.010067439 curE=198844305378 bestE=198844365090
55700000 T=87.850987715 curE=198833372698 bestE=198833492722
55800000 T=86.707001406 curE=198821634086 bestE=198821714866
55900000 T=85.577911966 curE=198810723724 bestE=198810874758
56100000 T=83.363650278 curE=198788326960 bestE=198788484958
56200000 T=82.278097604 curE=198777388156 bestE=198777552336
56300000 T=81.206680883 curE=198766106758 bestE=198766165458
56400000 T=80.149216037 curE=198754977110 bestE=198755085508
56500000 T=79.105521388 curE=198744205832 bestE=198744209564
56600000 T=78.075417620 curE=198733581176 bestE=198733677882
56700000 T=77.058727755 curE=198723496720 bestE=198723502024
56800000 T=76.055277118 curE=198712460694 bestE=198712530516
56900000 T=75.064893310 curE=198701474972 bestE=198701494148
57000000 T=74.087406175 curE=198690584072 bestE=198690684688
57100000 T=73.122647775 curE=198679927876 bestE=198680009754
57200000 T=72.170452357 curE=198669072768 bestE=198669137056
57300000 T=71.230656328 curE=198657955106 bestE=198657982076
57400000 T=70.303098223 curE=198647154672 bestE=198647265976
57500000 T=69.387618683 curE=198637132934 bestE=198637157132
57600000 T=68.484060421 curE=198625839138 bestE=198625841556
57700000 T=67.592268199 curE=198615026702 bestE=198615170880
57800000 T=66.712088801 curE=198604099042 bestE=198604193462
57900000 T=65.843371007 curE=198593002176 bestE=198593139378
58000000 T=64.985965565 curE=198582155262 bestE=198582201114
58100000 T=64.139725166 curE=198571680386 bestE=198571749742
58200000 T=63.304504420 curE=198560760406 bestE=198560896928
58300000 T=62.480159831 curE=198550056126 bestE=198550272644
58400000 T=61.666549770 curE=198538733882 bestE=198538792468
58600000 T=60.070975919 curE=198516668852 bestE=198516705318
58700000 T=59.288737997 curE=198506421330 bestE=198506444618
58800000 T=58.516686295 curE=198495651236 bestE=198495703482
58900000 T=57.754688170 curE=198486080062 bestE=198486087186
59000000 T=57.002612703 curE=198476157076 bestE=198476326856
59100000 T=56.260330684 curE=198466353168 bestE=198466493252
59200000 T=55.527714584 curE=198455981876 bestE=198456093024
59300000 T=54.804638533 curE=198446100656 bestE=198446146844
59400000 T=54.090978302 curE=198435913794 bestE=198436011736
59500000 T=53.386611280 curE=198425954980 bestE=198426072858
59700000 T=52.005274375 curE=198406541968 bestE=198406585388
59800000 T=51.328067169 curE=198396538154 bestE=198396656316
runtime_seconds = 37.574716076
runtime_minutes = 0.626245268
Info in <TCanvas::Print>: png file collage_A_1920x1080_to_B_1920x1080.png has been created
real 40.87
user 38.75
sys 0.32
done
