make: Nothing to be done for 'all'.
Reading images: source= B_1920x1080.png target= A_1920x1080.png
Output= out_BtoA.png
Pixel Geometry: 1920 x 1080
start E = 266201652916
Auto T0 = 130154 (probe=50000)
Tf=50.000000 alpha=0.999999869
0 T=130154.382940114 curE=266201675308 bestE=266201652916
100000 T=128459.526273742 curE=265115783698 bestE=265116268576
200000 T=126786.739852373 curE=264055572730 bestE=264056502908
300000 T=125135.736279599 curE=263072984998 bestE=263074588204
400000 T=123506.231901458 curE=262087229520 bestE=262089794878
500000 T=121897.946757706 curE=261146234820 bestE=261147975208
600000 T=120310.604533706 curE=260281948784 bestE=260282066306
700000 T=118743.932512964 curE=259396645862 bestE=259397420228
800000 T=117197.661530269 curE=258587021114 bestE=258589652692
900000 T=115671.525925453 curE=257816075758 bestE=257816283504
1000000 T=114165.263497746 curE=257012957700 bestE=257014357630
1100000 T=112678.615460725 curE=256270049794 bestE=256270142454
1200000 T=111211.326397866 curE=255561937462 bestE=255564021402
1300000 T=109763.144218643 curE=254860801680 bestE=254860791580
1400000 T=108333.820115232 curE=254188030682 bestE=254189659896
1500000 T=106923.108519756 curE=253524144510 bestE=253526909530
1600000 T=105530.767062094 curE=252889079392 bestE=252890341432
1700000 T=104156.556528248 curE=252279440986 bestE=252282131268
1800000 T=102800.240819238 curE=251676902618 bestE=251678394604
1900000 T=101461.586910538 curE=251097712832 bestE=251098023528
2000000 T=100140.364812047 curE=250516380750 bestE=250518955572
2100000 T=98836.347528566 curE=249938482030 bestE=249940021518
2200000 T=97549.311020809 curE=249400493152 bestE=249402978436
2300000 T=96279.034166902 curE=248878790798 bestE=248878800482
2400000 T=95025.298724392 curE=248359987132 bestE=248360803364
2500000 T=93787.889292769 curE=247842007964 bestE=247843114106
2600000 T=92566.593276439 curE=247323262414 bestE=247325394530
2700000 T=91361.200848199 curE=246832510382 bestE=246833581356
2800000 T=90171.504913209 curE=246352965744 bestE=246353254024
2900000 T=88997.301073377 curE=245898552190 bestE=245899305030
3000000 T=87838.387592279 curE=245455754222 bestE=245456343998
3100000 T=86694.565360470 curE=245023480560 bestE=245024885286
3200000 T=85565.637861294 curE=244595258468 bestE=244597092128
3300000 T=84451.411137112 curE=244162672364 bestE=244162627742
3400000 T=83351.693755978 curE=243754981554 bestE=243757698962
3500000 T=82266.296778753 curE=243348199812 bestE=243348239694
3600000 T=81195.033726649 curE=242944439264 bestE=242947052802
3700000 T=80137.720549181 curE=242541824648 bestE=242543877548
3800000 T=79094.175592550 curE=242165130456 bestE=242164721482
3900000 T=78064.219568433 curE=241796699278 bestE=241798695480
4000000 T=77047.675523185 curE=241409058252 bestE=241411002504
4100000 T=76044.368807431 curE=241056355476 bestE=241056915864
4200000 T=75054.127046053 curE=240713037668 bestE=240714409620
4300000 T=74076.780108598 curE=240374857582 bestE=240375219558
4400000 T=73112.160080028 curE=240009293638 bestE=240009504198
4500000 T=72160.101231872 curE=239664512860 bestE=239667364804
4600000 T=71220.439993762 curE=239337622178 bestE=239338039894
4700000 T=70293.014925325 curE=239005384636 bestE=239006069262
4800000 T=69377.666688451 curE=238664986700 bestE=238667660232
4900000 T=68474.238019912 curE=238339760374 bestE=238341538782
5000000 T=67582.573704341 curE=238039612378 bestE=238042179234
5100000 T=66702.520547573 curE=237736284320 bestE=237736891220
5200000 T=65833.927350325 curE=237435551264 bestE=237436126944
5300000 T=64976.644882207 curE=237128014532 bestE=237128697358
5400000 T=64130.525856096 curE=236821752752 bestE=236823595146
5500000 T=63295.424902830 curE=236522004924 bestE=236522114404
5600000 T=62471.198546221 curE=236212493982 bestE=236213977702
5700000 T=61657.705178418 curE=235923004740 bestE=235923957094
5800000 T=60854.805035570 curE=235664355466 bestE=235665515408
5900000 T=60062.360173819 curE=235370350360 bestE=235370833546
6000000 T=59280.234445596 curE=235099251820 bestE=235102158708
6100000 T=58508.293476229 curE=234828739044 bestE=234831295864
6200000 T=57746.404640861 curE=234572961458 bestE=234574088180
6300000 T=56994.437041664 curE=234298884402 bestE=234299765664
6400000 T=56252.261485343 curE=234031806216 bestE=234031911022
6500000 T=55519.750460948 curE=233776021912 bestE=233775752016
6600000 T=54796.778117963 curE=233512263978 bestE=233512965976
6700000 T=54083.220244682 curE=233260338692 bestE=233260981880
6800000 T=53378.954246872 curE=233005050904 bestE=233005599752
6900000 T=52683.859126711 curE=232755228382 bestE=232756577960
7000000 T=51997.815461995 curE=232517469374 bestE=232519726472
7100000 T=51320.705385624 curE=232274270690 bestE=232276339306
7200000 T=50652.412565352 curE=232048317464 bestE=232051160492
7300000 T=49992.822183799 curE=231825443782 bestE=231826199066
7400000 T=49341.820918724 curE=231586055604 bestE=231588217710
7500000 T=48699.296923558 curE=231364029706 bestE=231365198468
7600000 T=48065.139808185 curE=231142415496 bestE=231145339876
7700000 T=47439.240619976 curE=230920176692 bestE=230923042380
7800000 T=46821.491825076 curE=230682694136 bestE=230684901270
7900000 T=46211.787289918 curE=230462740664 bestE=230462756548
8000000 T=45610.022263002 curE=230243278458 bestE=230244233322
8100000 T=45016.093356885 curE=230033513440 bestE=230035370520
8200000 T=44429.898530430 curE=229825980714 bestE=229828603898
8300000 T=43851.337071265 curE=229613362460 bestE=229613544932
8400000 T=43280.309578486 curE=229408486232 bestE=229410204924
8500000 T=42716.717945575 curE=229199382948 bestE=229201163540
8600000 T=42160.465343549 curE=229003804164 bestE=229004807054
8700000 T=41611.456204319 curE=228817625434 bestE=228817663258
8800000 T=41069.596204277 curE=228628811548 bestE=228630072822
8900000 T=40534.792248086 curE=228439940274 bestE=228442673942
9000000 T=40006.952452685 curE=228238752392 bestE=228239577254
9100000 T=39485.986131505 curE=228036980146 bestE=228038540840
9200000 T=38971.803778889 curE=227850766434 bestE=227852549426
9300000 T=38464.317054715 curE=227663517808 bestE=227665947210
9400000 T=37963.438769214 curE=227468917192 bestE=227469487642
9500000 T=37469.082867992 curE=227279967062 bestE=227282400888
9600000 T=36981.164417249 curE=227093403802 bestE=227093811990
9700000 T=36499.599589180 curE=226920361244 bestE=226921739980
9800000 T=36024.305647585 curE=226741215478 bestE=226742907354
9900000 T=35555.200933635 curE=226565252914 bestE=226565907408
10000000 T=35092.204851863 curE=226392581850 bestE=226393458844
10100000 T=34635.237856304 curE=226209733568 bestE=226211937966
10200000 T=34184.221436834 curE=226033981652 bestE=226034211552
10300000 T=33739.078105675 curE=225858061870 bestE=225860948780
10400000 T=33299.731384090 curE=225686627042 bestE=225688921092
10500000 T=32866.105789241 curE=225515169578 bestE=225516487038
10600000 T=32438.126821217 curE=225355252880 bestE=225357041720
10700000 T=32015.720950238 curE=225192392524 bestE=225195278636
10800000 T=31598.815604022 curE=225025261362 bestE=225027430830
10900000 T=31187.339155314 curE=224863801420 bestE=224864722008
11000000 T=30781.220909584 curE=224703353258 bestE=224705231304
11100000 T=30380.391092875 curE=224539991780 bestE=224541392452
11200000 T=29984.780839824 curE=224390136772 bestE=224390937006
11300000 T=29594.322181821 curE=224231335054 bestE=224231865400
11400000 T=29208.948035337 curE=224085018442 bestE=224087149814
11500000 T=28828.592190400 curE=223937804376 bestE=223938277820
11600000 T=28453.189299216 curE=223788129582 bestE=223789854986
11700000 T=28082.674864943 curE=223643966790 bestE=223645696836
11800000 T=27716.985230608 curE=223490903224 bestE=223493049190
11900000 T=27356.057568176 curE=223340125866 bestE=223341410406
12000000 T=26999.829867751 curE=223186930726 bestE=223187138656
12100000 T=26648.240926921 curE=223045264996 bestE=223046197768
12200000 T=26301.230340248 curE=222906096966 bestE=222907840996
12300000 T=25958.738488886 curE=222761799506 bestE=222763521890
12400000 T=25620.706530341 curE=222614947656 bestE=222617028990
12500000 T=25287.076388357 curE=222475747520 bestE=222478269760
12600000 T=24957.790742944 curE=222334045650 bestE=222335310614
12700000 T=24632.793020524 curE=222191659616 bestE=222192856948
12800000 T=24312.027384214 curE=222048852908 bestE=222050825104
12900000 T=23995.438724237 curE=221912185584 bestE=221913238016
13000000 T=23682.972648445 curE=221780480344 bestE=221781044350
13100000 T=23374.575472983 curE=221646379220 bestE=221646505104
13200000 T=23070.194213059 curE=221524357498 bestE=221524874064
13300000 T=22769.776573843 curE=221390268438 bestE=221390942214
13400000 T=22473.270941484 curE=221265731992 bestE=221267759300
13500000 T=22180.626374240 curE=221141066980 bestE=221142910998
13600000 T=21891.792593729 curE=221015841376 bestE=221017054236
13700000 T=21606.719976287 curE=220882333998 bestE=220883320242
13800000 T=21325.359544444 curE=220756412102 bestE=220756545668
13900000 T=21047.662958511 curE=220635239722 bestE=220636515680
14000000 T=20773.582508272 curE=220518929342 bestE=220519864170
14100000 T=20503.071104789 curE=220396106988 bestE=220396894096
14200000 T=20236.082272312 curE=220273882414 bestE=220275182358
14300000 T=19972.570140291 curE=220156045338 bestE=220156272564
14400000 T=19712.489435499 curE=220032648002 bestE=220034176390
14500000 T=19455.795474251 curE=219915718602 bestE=219916266262
14600000 T=19202.444154732 curE=219796154554 bestE=219798139442
14700000 T=18952.391949412 curE=219682923066 bestE=219684325468
14800000 T=18705.595897573 curE=219570582934 bestE=219571733220
14900000 T=18462.013597927 curE=219458834692 bestE=219458958286
15000000 T=18221.603201334 curE=219338299390 bestE=219340083674
15100000 T=17984.323403603 curE=219224963796 bestE=219226005592
15200000 T=17750.133438408 curE=219106162052 bestE=219106990718
15300000 T=17518.993070273 curE=218995229442 bestE=218995278204
15400000 T=17290.862587668 curE=218887299926 bestE=218888728904
15500000 T=17065.702796180 curE=218777681116 bestE=218778643500
15600000 T=16843.475011782 curE=218670650196 bestE=218671129790
15700000 T=16624.141054187 curE=218565428346 bestE=218565928004
15800000 T=16407.663240287 curE=218462006984 bestE=218463696314
15900000 T=16194.004377680 curE=218356606724 bestE=218356989982
16000000 T=15983.127758278 curE=218254165082 bestE=218255376900
16100000 T=15774.997152004 curE=218146022634 bestE=218147590400
16200000 T=15569.576800563 curE=218044664826 bestE=218046132366
16300000 T=15366.831411304 curE=217939950402 bestE=217940115470
16400000 T=15166.726151150 curE=217834966876 bestE=217835944034
16500000 T=14969.226640617 curE=217729537744 bestE=217730174830
16600000 T=14774.298947910 curE=217629100290 bestE=217630695384
16700000 T=14581.909583086 curE=217529854888 bestE=217531229444
16800000 T=14392.025492308 curE=217431087966 bestE=217432543384
16900000 T=14204.614052161 curE=217332941566 bestE=217333812400
17000000 T=14019.643064049 curE=217231995450 bestE=217233448970
17100000 T=13837.080748663 curE=217134459694 bestE=217134749862
17200000 T=13656.895740519 curE=217042243480 bestE=217044029694
17300000 T=13479.057082574 curE=216948369864 bestE=216949315624
17400000 T=13303.534220902 curE=216850585252 bestE=216851595456
17500000 T=13130.296999448 curE=216761907238 bestE=216762471358
17600000 T=12959.315654846 curE=216672678672 bestE=216672861252
17700000 T=12790.560811304 curE=216580616516 bestE=216582006366
17800000 T=12624.003475562 curE=216490422368 bestE=216491788774
17900000 T=12459.615031904 curE=216400390556 bestE=216400437640
18000000 T=12297.367237244 curE=216310985554 bestE=216312367884
18100000 T=12137.232216279 curE=216222318814 bestE=216223397214
18200000 T=11979.182456690 curE=216136189186 bestE=216137377858
18300000 T=11823.190804425 curE=216048975056 bestE=216049284110
18400000 T=11669.230459026 curE=215962665644 bestE=215964146274
18500000 T=11517.274969028 curE=215874463942 bestE=215875572630
18600000 T=11367.298227418 curE=215794399318 bestE=215795210672
18700000 T=11219.274467140 curE=215711213014 bestE=215711537942
18800000 T=11073.178256679 curE=215633043382 bestE=215633979420
18900000 T=10928.984495683 curE=215549880344 bestE=215550551340
19000000 T=10786.668410655 curE=215464088148 bestE=215465094018
19100000 T=10646.205550698 curE=215379628398 bestE=215379950578
19200000 T=10507.571783309 curE=215299121218 bestE=215299123382
19300000 T=10370.743290238 curE=215222019698 bestE=215223342758
19400000 T=10235.696563392 curE=215141768216 bestE=215142401856
19500000 T=10102.408400799 curE=215063690772 bestE=215063741670
19600000 T=9970.855902622 curE=214989160430 bestE=214989728574
19700000 T=9841.016467220 curE=214911547230 bestE=214912860408
19800000 T=9712.867787271 curE=214831889218 bestE=214833189298
19900000 T=9586.387845936 curE=214757688752 bestE=214757662916
20000000 T=9461.554913075 curE=214682061328 bestE=214682936448
20100000 T=9338.347541518 curE=214605119210 bestE=214605366524
20200000 T=9216.744563377 curE=214529534852 bestE=214530054942
20300000 T=9096.725086410 curE=214452125332 bestE=214452292446
20400000 T=8978.268490431 curE=214376944668 bestE=214377115344
20500000 T=8861.354423768 curE=214299362102 bestE=214300551058
20600000 T=8745.962799767 curE=214224445528 bestE=214224919496
20700000 T=8632.073793341 curE=214149536126 bestE=214150105276
20800000 T=8519.667837562 curE=214076767040 bestE=214077068358
20900000 T=8408.725620299 curE=214006602168 bestE=214007314168
21000000 T=8299.228080905 curE=213936879644 bestE=213937243510
21100000 T=8191.156406937 curE=213867075416 bestE=213867651914
21200000 T=8084.492030925 curE=213795893908 bestE=213795999212
21300000 T=7979.216627183 curE=213728633448 bestE=213728707032
21400000 T=7875.312108660 curE=213660169228 bestE=213660190810
21500000 T=7772.760623834 curE=213591257496 bestE=213591628250
21600000 T=7671.544553642 curE=213521893396 bestE=213522778552
21700000 T=7571.646508456 curE=213454107904 bestE=213454570934
21800000 T=7473.049325093 curE=213383910598 bestE=213384720404
21900000 T=7375.736063867 curE=213317359692 bestE=213317372826
22000000 T=7279.690005679 curE=213249680212 bestE=213249651780
22100000 T=7184.894649145 curE=213185324576 bestE=213186067010
22200000 T=7091.333707760 curE=213120372868 bestE=213121223916
22300000 T=6998.991107100 curE=213057328082 bestE=213058019010
22400000 T=6907.850982059 curE=212992860434 bestE=212993632874
22500000 T=6817.897674127 curE=212929041370 bestE=212929893170
22600000 T=6729.115728697 curE=212864710892 bestE=212865012922
22700000 T=6641.489892410 curE=212800452988 bestE=212800592444
22800000 T=6555.005110534 curE=212739789580 bestE=212739877596
22900000 T=6469.646524379 curE=212674838854 bestE=212675755620
23000000 T=6385.399468742 curE=212611379206 bestE=212611480112
23100000 T=6302.249469391 curE=212549110310 bestE=212549866344
23200000 T=6220.182240574 curE=212491903186 bestE=212492550108
23300000 T=6139.183682566 curE=212432139372 bestE=212432172004
23400000 T=6059.239879250 curE=212371132320 bestE=212371147784
23500000 T=5980.337095721 curE=212310706390 bestE=212311277494
23600000 T=5902.461775929 curE=212250525754 bestE=212251131310
23700000 T=5825.600540349 curE=212190207450 bestE=212190470126
23800000 T=5749.740183683 curE=212128839806 bestE=212128918860
23900000 T=5674.867672592 curE=212071284166 bestE=212071447718
24000000 T=5600.970143455 curE=212009246394 bestE=212009809082
24100000 T=5528.034900159 curE=211952274368 bestE=211952490830
24200000 T=5456.049411919 curE=211896543808 bestE=211897120972
24300000 T=5385.001311126 curE=211841949770 bestE=211842422810
24400000 T=5314.878391218 curE=211786466562 bestE=211786701074
24500000 T=5245.668604587 curE=211728256166 bestE=211728908650
24600000 T=5177.360060509 curE=211670524324 bestE=211671101362
24700000 T=5109.941023097 curE=211616119500 bestE=211616865814
24800000 T=5043.399909289 curE=211561798860 bestE=211561938968
24900000 T=4977.725286857 curE=211508645808 bestE=211509097412
25000000 T=4912.905872442 curE=211455422604 bestE=211456301252
25100000 T=4848.930529614 curE=211401399434 bestE=211402072474
25200000 T=4785.788266962 curE=211348889476 bestE=211348903556
25300000 T=4723.468236204 curE=211296041846 bestE=211296332336
25400000 T=4661.959730323 curE=211243378224 bestE=211244065052
25500000 T=4601.252181727 curE=211188692710 bestE=211189152710
25600000 T=4541.335160435 curE=211134434018 bestE=211134657292
25700000 T=4482.198372284 curE=211080882520 bestE=211080975652
25800000 T=4423.831657159 curE=211029576502 bestE=211029941586
25900000 T=4366.224987252 curE=210976422010 bestE=210976467566
26000000 T=4309.368465332 curE=210921258028 bestE=210922475562
26100000 T=4253.252323053 curE=210871769438 bestE=210871959720
26200000 T=4197.866919268 curE=210820934998 bestE=210821520724
26300000 T=4143.202738378 curE=210769219052 bestE=210769264604
26400000 T=4089.250388695 curE=210717707286 bestE=210718104866
26500000 T=4036.000600826 curE=210668476376 bestE=210668743148
26600000 T=3983.444226086 curE=210621444180 bestE=210621976750
26700000 T=3931.572234923 curE=210574485854 bestE=210574822062
26800000 T=3880.375715366 curE=210524620954 bestE=210524624348
26900000 T=3829.845871494 curE=210475978168 bestE=210476475178
27000000 T=3779.974021927 curE=210428751190 bestE=210428762174
27100000 T=3730.751598332 curE=210381338480 bestE=210381548736
27200000 T=3682.170143953 curE=210330860050 bestE=210331193702
27300000 T=3634.221312157 curE=210283950142 bestE=210284563068
27400000 T=3586.896864998 curE=210236462758 bestE=210236517282
27500000 T=3540.188671805 curE=210188641536 bestE=210189080276
27600000 T=3494.088707785 curE=210143246494 bestE=210143294290
27700000 T=3448.589052641 curE=210095991242 bestE=210096381914
27800000 T=3403.681889214 curE=210051612252 bestE=210051651128
27900000 T=3359.359502139 curE=210009214656 bestE=210009359072
28000000 T=3315.614276520 curE=209965647822 bestE=209965896586
28100000 T=3272.438696622 curE=209922418534 bestE=209922670098
28200000 T=3229.825344579 curE=209876380824 bestE=209876843698
28300000 T=3187.766899117 curE=209831071014 bestE=209831210288
28400000 T=3146.256134303 curE=209785065690 bestE=209785894618
28500000 T=3105.285918295 curE=209738930224 bestE=209739307640
28600000 T=3064.849212126 curE=209693283234 bestE=209693619548
28700000 T=3024.939068485 curE=209651969152 bestE=209652197924
28800000 T=2985.548630532 curE=209608344328 bestE=209608769594
28900000 T=2946.671130713 curE=209567103120 bestE=209567279382
29000000 T=2908.299889601 curE=209526229006 bestE=209526435550
29100000 T=2870.428314750 curE=209483720422 bestE=209484337244
29200000 T=2833.049899558 curE=209443333380 bestE=209443353636
29300000 T=2796.158222152 curE=209401102516 bestE=209401304094
29400000 T=2759.746944283 curE=209358045560 bestE=209358134778
29500000 T=2723.809810240 curE=209317010722 bestE=209317200054
29600000 T=2688.340645772 curE=209276259014 bestE=209276797012
29700000 T=2653.333357027 curE=209234664654 bestE=209235103126
29800000 T=2618.781929509 curE=209192683086 bestE=209192703342
29900000 T=2584.680427042 curE=209152306436 bestE=209152460260
30000000 T=2551.022990747 curE=209111373330 bestE=209111699076
30100000 T=2517.803838044 curE=209072286004 bestE=209072888788
30200000 T=2485.017261648 curE=209032949268 bestE=209033396868
30300000 T=2452.657628597 curE=208994578206 bestE=208994842262
30400000 T=2420.719379279 curE=208956261748 bestE=208956733644
30600000 T=2358.085154439 curE=208879597712 bestE=208880170602
30700000 T=2327.378417919 curE=208842781644 bestE=208843102658
30800000 T=2297.071541287 curE=208804593532 bestE=208804734484
30900000 T=2267.159317612 curE=208765833650 bestE=208766236758
31000000 T=2237.636607762 curE=208726915700 bestE=208727271844
31100000 T=2208.498339531 curE=208688408446 bestE=208689026868
31200000 T=2179.739506760 curE=208650768258 bestE=208651115668
31300000 T=2151.355168480 curE=208611793766 bestE=208611901808
31400000 T=2123.340448063 curE=208576605284 bestE=208576948888
31500000 T=2095.690532386 curE=208538795714 bestE=208539371036
31600000 T=2068.400670998 curE=208501411936 bestE=208501817524
31700000 T=2041.466175310 curE=208463254128 bestE=208463647888
31800000 T=2014.882417789 curE=208426754156 bestE=208427069574
31900000 T=1988.644831159 curE=208392062674 bestE=208392107720
32000000 T=1962.748907618 curE=208358330148 bestE=208358487522
32100000 T=1937.190198066 curE=208324951774 bestE=208324997978
32200000 T=1911.964311338 curE=208290057432 bestE=208290269796
32300000 T=1887.066913450 curE=208256262704 bestE=208256320748
32400000 T=1862.493726855 curE=208223052720 bestE=208223393958
32500000 T=1838.240529707 curE=208189233362 bestE=208189442850
32600000 T=1814.303155139 curE=208155692924 bestE=208155739378
32700000 T=1790.677490541 curE=208122421828 bestE=208122844026
32800000 T=1767.359476859 curE=208089545194 bestE=208089570558
32900000 T=1744.345107895 curE=208057535884 bestE=208057632326
33000000 T=1721.630429620 curE=208025153234 bestE=208025578508
33100000 T=1699.211539493 curE=207991390182 bestE=207991661552
33200000 T=1677.084585792 curE=207957900858 bestE=207958026502
33300000 T=1655.245766952 curE=207923968582 bestE=207924228998
33400000 T=1633.691330910 curE=207891083872 bestE=207891395318
33500000 T=1612.417574465 curE=207857262086 bestE=207857548644
33600000 T=1591.420842635 curE=207823558332 bestE=207823624530
33700000 T=1570.697528036 curE=207791417488 bestE=207791437652
33800000 T=1550.244070257 curE=207757363824 bestE=207757448936
33900000 T=1530.056955250 curE=207725501188 bestE=207725595654
34000000 T=1510.132714730 curE=207695081460 bestE=207695508882
34100000 T=1490.467925570 curE=207663478150 bestE=207663528968
34200000 T=1471.059209224 curE=207634152836 bestE=207634203080
34300000 T=1451.903231139 curE=207602900104 bestE=207603248418
34400000 T=1432.996700182 curE=207573462502 bestE=207573566002
34500000 T=1414.336368080 curE=207543511676 bestE=207543780112
34600000 T=1395.919028857 curE=207514384014 bestE=207514609116
34700000 T=1377.741518286 curE=207484664870 bestE=207484732944
34800000 T=1359.800713343 curE=207453222304 bestE=207453364400
34900000 T=1342.093531672 curE=207424236588 bestE=207424427918
35000000 T=1324.616931056 curE=207394582910 bestE=207394591870
35100000 T=1307.367908893 curE=207367012118 bestE=207367163948
35200000 T=1290.343501680 curE=207338160788 bestE=207338453706
35300000 T=1273.540784504 curE=207310335040 bestE=207310868176
35400000 T=1256.956870541 curE=207280562888 bestE=207280969244
35500000 T=1240.588910560 curE=207251943266 bestE=207252229930
35600000 T=1224.434092429 curE=207223672868 bestE=207223793092
35700000 T=1208.489640639 curE=207194778296 bestE=207194818260
35900000 T=1177.220914277 curE=207139366542 bestE=207139444664
36000000 T=1161.891267520 curE=207112444972 bestE=207112464048
36100000 T=1146.761241809 curE=207084682982 bestE=207084989016
36200000 T=1131.828237699 curE=207058577256 bestE=207058778134
36300000 T=1117.089689595 curE=207030406028 bestE=207030603898
36400000 T=1102.543065312 curE=207004715498 bestE=207005053462
36500000 T=1088.185865639 curE=206974386594 bestE=206974794584
36600000 T=1074.015623908 curE=206948524168 bestE=206948533608
36700000 T=1060.029905572 curE=206922272240 bestE=206922324672
36800000 T=1046.226307788 curE=206896439164 bestE=206896430854
36900000 T=1032.602459000 curE=206868703250 bestE=206868964644
37000000 T=1019.156018535 curE=206842146256 bestE=206842255928
37100000 T=1005.884676203 curE=206816911852 bestE=206817194366
37200000 T=992.786151892 curE=206791096682 bestE=206791241690
37300000 T=979.858195186 curE=206765589760 bestE=206765730982
37400000 T=967.098584970 curE=206739296924 bestE=206739648674
37500000 T=954.505129054 curE=206712745000 bestE=206712913376
37600000 T=942.075663795 curE=206688051772 bestE=206688477764
37700000 T=929.808053724 curE=206661561300 bestE=206661578104
37800000 T=917.700191178 curE=206635396340 bestE=206635535110
37900000 T=905.749995944 curE=206608705436 bestE=206609127468
38000000 T=893.955414893 curE=206582429394 bestE=206582434370
38100000 T=882.314421635 curE=206555733774 bestE=206555974836
38200000 T=870.825016164 curE=206529033150 bestE=206529110394
38300000 T=859.485224522 curE=206503311018 bestE=206503516970
38400000 T=848.293098452 curE=206478454268 bestE=206478476386
38500000 T=837.246715069 curE=206455226458 bestE=206455566492
38600000 T=826.344176527 curE=206431055382 bestE=206431061926
38700000 T=815.583609693 curE=206404760614 bestE=206404946526
38800000 T=804.963165828 curE=206380601688 bestE=206380645416
38900000 T=794.481020264 curE=206356486804 bestE=206356580938
39000000 T=784.135372095 curE=206332935116 bestE=206332978484
39100000 T=773.924443867 curE=206309621126 bestE=206309745758
39200000 T=763.846481271 curE=206283770390 bestE=206283854266
39300000 T=753.899752843 curE=206260228212 bestE=206260309012
39400000 T=744.082549665 curE=206236308380 bestE=206236517306
39500000 T=734.393185072 curE=206211926546 bestE=206212047734
39600000 T=724.829994365 curE=206187281954 bestE=206187335228
39700000 T=715.391334519 curE=206163248928 bestE=206163328016
39800000 T=706.075583909 curE=206139704666 bestE=206140188982
39900000 T=696.881142021 curE=206116664368 bestE=206116712032
40000000 T=687.806429187 curE=206091883450 bestE=206092199592
40100000 T=678.849886309 curE=206068451114 bestE=206068464252
40200000 T=670.009974588 curE=206046674918 bestE=206046788714
40300000 T=661.285175266 curE=206022653734 bestE=206022835762
40400000 T=652.673989362 curE=205998345502 bestE=205998764320
40500000 T=644.174937415 curE=205974225574 bestE=205974398418
40600000 T=635.786559226 curE=205951204864 bestE=205951379186
40700000 T=627.507413615 curE=205928886454 bestE=205929093450
40800000 T=619.336078166 curE=205907083690 bestE=205907320188
40900000 T=611.271148987 curE=205884969798 bestE=205885084138
41000000 T=603.311240466 curE=205861662196 bestE=205861669204
41100000 T=595.454985035 curE=205840235596 bestE=205840316630
41200000 T=587.701032935 curE=205818293666 bestE=205818580276
41300000 T=580.048051983 curE=205796117852 bestE=205796365036
41400000 T=572.494727342 curE=205773894260 bestE=205774012260
41500000 T=565.039761300 curE=205752796666 bestE=205752798166
41600000 T=557.681873040 curE=205728600890 bestE=205728921976
41700000 T=550.419798426 curE=205706455690 bestE=205706462406
41800000 T=543.252289783 curE=205685834856 bestE=205685868418
41900000 T=536.178115682 curE=205664960584 bestE=205664967688
42000000 T=529.196060732 curE=205643660156 bestE=205643705706
42200000 T=515.503525638 curE=205599565282 bestE=205599823428
42300000 T=508.790693022 curE=205578020314 bestE=205578161196
42400000 T=502.165274205 curE=205556310536 bestE=205556357772
42500000 T=495.626130894 curE=205534007638 bestE=205534412944
42600000 T=489.172139618 curE=205511930680 bestE=205512086250
42700000 T=482.802191537 curE=205491427062 bestE=205491607576
42800000 T=476.515192249 curE=205469938172 bestE=205469978684
42900000 T=470.310061604 curE=205449266854 bestE=205449440122
43000000 T=464.185733516 curE=205428816776 bestE=205428858700
43100000 T=458.141155784 curE=205406884770 bestE=205407117544
43200000 T=452.175289906 curE=205386116738 bestE=205386140180
43300000 T=446.287110906 curE=205365538112 bestE=205365684966
43400000 T=440.475607152 curE=205345569030 bestE=205345872030
43500000 T=434.739780188 curE=205325226436 bestE=205325329164
43600000 T=429.078644558 curE=205303601628 bestE=205303685240
43700000 T=423.491227641 curE=205283646290 bestE=205283734500
43800000 T=417.976569478 curE=205263346552 bestE=205263563844
43900000 T=412.533722613 curE=205243652022 bestE=205244026806
44000000 T=407.161751926 curE=205222700962 bestE=205222720696
44100000 T=401.859734476 curE=205203067902 bestE=205203201468
44200000 T=396.626759339 curE=205183813232 bestE=205184055332
44300000 T=391.461927453 curE=205164230068 bestE=205164376812
44400000 T=386.364351464 curE=205144292560 bestE=205144451766
44500000 T=381.333155572 curE=205125839360 bestE=205125920048
44600000 T=376.367475384 curE=205105346616 bestE=205105645740
44700000 T=371.466457759 curE=205086552462 bestE=205086573924
44800000 T=366.629260670 curE=205067523342 bestE=205067685816
44900000 T=361.855053052 curE=205047423050 bestE=205047518708
45000000 T=357.143014663 curE=205027436296 bestE=205027541292
45100000 T=352.492335942 curE=205007562956 bestE=205007796836
45200000 T=347.902217869 curE=204988419676 bestE=204988422450
45300000 T=343.371871830 curE=204968088434 bestE=204968653958
45400000 T=338.900519480 curE=204949288874 bestE=204949390284
45500000 T=334.487392609 curE=204930438960 bestE=204930501556
45600000 T=330.131733012 curE=204912538490 bestE=204912629206
45700000 T=325.832792355 curE=204894847182 bestE=204894945540
45800000 T=321.589832051 curE=204876226456 bestE=204876347424
45900000 T=317.402123129 curE=204858237578 bestE=204858444342
46000000 T=313.268946111 curE=204841274320 bestE=204841411204
46100000 T=309.189590890 curE=204821449354 bestE=204821473136
46200000 T=305.163356602 curE=204803383270 bestE=204803584952
46300000 T=301.189551513 curE=204785629144 bestE=204785634006
46400000 T=297.267492895 curE=204767816296 bestE=204767871124
46700000 T=285.805101259 curE=204712712544 bestE=204712727838
46900000 T=278.410117302 curE=204677199286 bestE=204677421702
47000000 T=274.784690078 curE=204658979406 bestE=204659080848
47100000 T=271.206472785 curE=204641166264 bestE=204641278988
47200000 T=267.674850661 curE=204624615012 bestE=204624767998
47300000 T=264.189216948 curE=204606968876 bestE=204607039474
47400000 T=260.748972790 curE=204589694342 bestE=204589700680
47500000 T=257.353527129 curE=204572103046 bestE=204572159746
47600000 T=254.002296604 curE=204554932622 bestE=204555057222
47700000 T=250.694705450 curE=204536917112 bestE=204537095078
47800000 T=247.430185400 curE=204518460136 bestE=204518587036
47900000 T=244.208175585 curE=204500518610 bestE=204500542660
48000000 T=241.028122444 curE=204481915236 bestE=204481922824
48100000 T=237.889479619 curE=204465160396 bestE=204465181906
48200000 T=234.791707871 curE=204447364164 bestE=204447599852
48300000 T=231.734274980 curE=204430590778 bestE=204430741696
48400000 T=228.716655658 curE=204413068920 bestE=204413209116
48500000 T=225.738331457 curE=204397204446 bestE=204397381702
48600000 T=222.798790681 curE=204380659564 bestE=204380774554
48700000 T=219.897528294 curE=204365018586 bestE=204365135030
48800000 T=217.034045841 curE=204348417174 bestE=204348637816
49000000 T=211.418459276 curE=204315391374 bestE=204315415222
49100000 T=208.665390366 curE=204299159918 bestE=204299504624
49200000 T=205.948171630 curE=204282769398 bestE=204282791194
49300000 T=203.266336230 curE=204267230180 bestE=204267272126
49400000 T=200.619423408 curE=204250129432 bestE=204250378350
49500000 T=198.006978407 curE=204233181298 bestE=204233547720
49600000 T=195.428552389 curE=204215878926 bestE=204215999520
49700000 T=192.883702363 curE=204199752498 bestE=204199885042
49800000 T=190.371991106 curE=204184016284 bestE=204184175156
49900000 T=187.892987088 curE=204166608824 bestE=204166791560
50000000 T=185.446264400 curE=204151088466 bestE=204151314152
50100000 T=183.031402676 curE=204136337190 bestE=204136440650
50200000 T=180.647987028 curE=204120426702 bestE=204120601914
50300000 T=178.295607968 curE=204103777742 bestE=204103895034
50400000 T=175.973861339 curE=204088501656 bestE=204088665076
50500000 T=173.682348251 curE=204073427198 bestE=204073473216
50600000 T=171.420675005 curE=204058077822 bestE=204058267854
50700000 T=169.188453029 curE=204041384902 bestE=204041454766
50800000 T=166.985298814 curE=204026046608 bestE=204026284792
50900000 T=164.810833840 curE=204009840442 bestE=204010087578
51100000 T=160.546482131 curE=203978049406 bestE=203978057208
51200000 T=158.455862750 curE=203962970994 bestE=203963057286
51300000 T=156.392467194 curE=203947360148 bestE=203947401956
51400000 T=154.355940958 curE=203930930254 bestE=203930936616
51500000 T=152.345934152 curE=203915230360 bestE=203915278722
51600000 T=150.362101443 curE=203899181760 bestE=203899284612
51700000 T=148.404101995 curE=203884804152 bestE=203884967080
51800000 T=146.471599409 curE=203869240996 bestE=203869477226
51900000 T=144.564261668 curE=203852384602 bestE=203852603724
52000000 T=142.681761079 curE=203836610086 bestE=203836786604
52100000 T=140.823774214 curE=203821318278 bestE=203821453192
52300000 T=137.180068953 curE=203791251192 bestE=203791367574
52500000 T=133.630641722 curE=203759243344 bestE=203759255386
52600000 T=131.890517580 curE=203745589354 bestE=203745644178
52700000 T=130.173053151 curE=203730890844 bestE=203730916132
52800000 T=128.477953364 curE=203716410828 bestE=203716423638
52900000 T=126.804926987 curE=203702168796 bestE=203702280416
53000000 T=125.153686583 curE=203686821472 bestE=203687081036
53100000 T=123.523948458 curE=203672737314 bestE=203672972638
53200000 T=121.915432611 curE=203658475878 bestE=203658559594
53300000 T=120.327862688 curE=203642855008 bestE=203642937956
53400000 T=118.760965933 curE=203628381034 bestE=203628515678
53500000 T=117.214473143 curE=203613894664 bestE=203614284068
53600000 T=115.688118619 curE=203599559922 bestE=203599640000
53700000 T=114.181640123 curE=203584907446 bestE=203584933574
53800000 T=112.694778832 curE=203570370454 bestE=203570492666
53900000 T=111.227279291 curE=203556613660 bestE=203556621480
54000000 T=109.778889375 curE=203542622532 bestE=203542625504
54100000 T=108.349360240 curE=203528678110 bestE=203528834252
54200000 T=106.938446282 curE=203514465956 bestE=203514628414
54300000 T=105.545905098 curE=203500143084 bestE=203500211996
54400000 T=104.171497438 curE=203485633608 bestE=203485805886
54500000 T=102.814987170 curE=203471458468 bestE=203471548192
54600000 T=101.476141236 curE=203457194470 bestE=203457360820
54700000 T=100.154729613 curE=203442823138 bestE=203443039044
54800000 T=98.850525272 curE=203429313270 bestE=203429575312
54900000 T=97.563304144 curE=203415614344 bestE=203415753972
55000000 T=96.292845073 curE=203401354568 bestE=203401492630
55100000 T=95.038929786 curE=203388262650 bestE=203388335084
55200000 T=93.801342852 curE=203374370214 bestE=203374488524
55300000 T=92.579871645 curE=203361571506 bestE=203361754110
55400000 T=91.374306307 curE=203348366368 bestE=203348489502
55500000 T=90.184439714 curE=203334383828 bestE=203334666888
55600000 T=89.010067439 curE=203321083268 bestE=203321210584
55700000 T=87.850987715 curE=203307950074 bestE=203307950550
55800000 T=86.707001406 curE=203294311888 bestE=203294431596
55900000 T=85.577911966 curE=203281138748 bestE=203281203628
56000000 T=84.463525410 curE=203266826294 bestE=203266929920
56100000 T=83.363650278 curE=203253774032 bestE=203253958516
56200000 T=82.278097604 curE=203240551920 bestE=203240640054
56300000 T=81.206680883 curE=203226029562 bestE=203226133186
56400000 T=80.149216037 curE=203212373258 bestE=203212630564
56500000 T=79.105521388 curE=203199084138 bestE=203199118284
56600000 T=78.075417620 curE=203185608144 bestE=203185712950
56800000 T=76.055277118 curE=203158758560 bestE=203158948476
56900000 T=75.064893310 curE=203146198780 bestE=203146432388
57000000 T=74.087406175 curE=203132685614 bestE=203132723200
57100000 T=73.122647775 curE=203120282408 bestE=203120551650
57200000 T=72.170452357 curE=203105782130 bestE=203105809008
57300000 T=71.230656328 curE=203092667460 bestE=203092710492
57400000 T=70.303098223 curE=203079529074 bestE=203079632448
57500000 T=69.387618683 curE=203066581548 bestE=203066827774
57600000 T=68.484060421 curE=203053148796 bestE=203053247712
57700000 T=67.592268199 curE=203039537632 bestE=203039682812
57800000 T=66.712088801 curE=203025694656 bestE=203025894206
57900000 T=65.843371007 curE=203012461270 bestE=203012658818
58000000 T=64.985965565 curE=203000077600 bestE=203000631978
58100000 T=64.139725166 curE=202986631666 bestE=202986640520
58200000 T=63.304504420 curE=202974463894 bestE=202974593698
58300000 T=62.480159831 curE=202960789204 bestE=202960963932
58400000 T=61.666549770 curE=202947905108 bestE=202947913150
58500000 T=60.863534454 curE=202935954926 bestE=202936059748
58600000 T=60.070975919 curE=202922584480 bestE=202922785408
58700000 T=59.288737997 curE=202909851266 bestE=202909942592
58800000 T=58.516686295 curE=202897277152 bestE=202897404878
58900000 T=57.754688170 curE=202884621776 bestE=202884652178
59000000 T=57.002612703 curE=202871800022 bestE=202871802966
59100000 T=56.260330684 curE=202860373252 bestE=202860388814
59200000 T=55.527714584 curE=202847103952 bestE=202847123994
59300000 T=54.804638533 curE=202835361042 bestE=202835376438
59400000 T=54.090978302 curE=202824056634 bestE=202824201554
59500000 T=53.386611280 curE=202812263932 bestE=202812441196
59600000 T=52.691416450 curE=202799318160 bestE=202799383890
59700000 T=52.005274375 curE=202787059996 bestE=202787232508
59800000 T=51.328067169 curE=202774228322 bestE=202774230930
59900000 T=50.659678485 curE=202760579722 bestE=202760703890
runtime_seconds = 34.647599371
runtime_minutes = 0.577459990
Info in <TCanvas::Print>: png file collage_B_1920x1080_to_A_1920x1080.png has been created
real 46.83
user 35.77
sys 0.41
done
