make: Nothing to be done for 'all'.
Reading images: source= A_1920x1080.png target= B_1920x1080.png
Output= out_AtoB.png
Pixel Geometry: 1920 x 1080
start E = 198101363724
0 curE=198101361448 bestE=198101361448
100000 curE=197980478406 bestE=197980268826
200000 curE=197852784412 bestE=197852649174
300000 curE=197727406804 bestE=197727398040
400000 curE=197596633842 bestE=197596504578
500000 curE=197456838936 bestE=197456762662
600000 curE=197323204110 bestE=197322920618
700000 curE=197174510136 bestE=197174336734
800000 curE=197002328672 bestE=197002067744
900000 curE=196828570988 bestE=196828346300
1000000 curE=196638329722 bestE=196638303084
1100000 curE=196458219548 bestE=196458215146
1200000 curE=196261295282 bestE=196261253046
1300000 curE=196063311702 bestE=196063304770
1400000 curE=195838698164 bestE=195838649354
1500000 curE=195616031608 bestE=195616031608
1600000 curE=195379816020 bestE=195379781524
1700000 curE=195135026744 bestE=195135025544
1800000 curE=194885673282 bestE=194885645740
1900000 curE=194640633466 bestE=194640495556
2000000 curE=194378087918 bestE=194378087918
2100000 curE=194116191196 bestE=194116191196
2200000 curE=193844794968 bestE=193844794588
2300000 curE=193571445726 bestE=193571445726
2400000 curE=193281016054 bestE=193281016054
2500000 curE=192982020788 bestE=192982020788
2600000 curE=192690971802 bestE=192690971802
2700000 curE=192385742258 bestE=192385722576
2800000 curE=192079456486 bestE=192079452726
2900000 curE=191782732424 bestE=191782732424
3000000 curE=191474100672 bestE=191474096214
3100000 curE=191172125146 bestE=191172123202
3200000 curE=190864875688 bestE=190864868506
3300000 curE=190557850976 bestE=190557847246
3400000 curE=190254033180 bestE=190254033180
3500000 curE=189948336232 bestE=189948332838
3600000 curE=189643832332 bestE=189643832332
3700000 curE=189329280528 bestE=189329278644
3800000 curE=189020682476 bestE=189020682476
3900000 curE=188714674946 bestE=188714674946
4000000 curE=188406902586 bestE=188406902586
4100000 curE=188113307228 bestE=188113302162
4200000 curE=187821603380 bestE=187821602836
4300000 curE=187531232572 bestE=187531232572
4400000 curE=187241947418 bestE=187241947418
4500000 curE=186950028440 bestE=186950027822
4600000 curE=186664965794 bestE=186664963352
4700000 curE=186381965946 bestE=186381965674
4800000 curE=186104219192 bestE=186104219192
4900000 curE=185828765946 bestE=185828765946
5000000 curE=185555887424 bestE=185555887424
5100000 curE=185292313042 bestE=185292313042
5200000 curE=185024797206 bestE=185024797206
5300000 curE=184768753222 bestE=184768753128
5400000 curE=184515376476 bestE=184515374562
5500000 curE=184259795756 bestE=184259795756
5600000 curE=184014984412 bestE=184014983934
5700000 curE=183764614266 bestE=183764614266
5800000 curE=183519966584 bestE=183519966462
5900000 curE=183286299220 bestE=183286299220
6000000 curE=183045402006 bestE=183045402006
6100000 curE=182813714924 bestE=182813714924
6200000 curE=182582821014 bestE=182582821014
6300000 curE=182354557264 bestE=182354557264
6400000 curE=182132422596 bestE=182132422596
6500000 curE=181915442844 bestE=181915442844
6600000 curE=181706312008 bestE=181706312008
6700000 curE=181486151948 bestE=181486151948
6800000 curE=181278047770 bestE=181278047770
6900000 curE=181067751948 bestE=181067751948
7000000 curE=180863484398 bestE=180863484398
7100000 curE=180663085486 bestE=180663085486
7200000 curE=180465852808 bestE=180465852800
7300000 curE=180267833484 bestE=180267833484
7400000 curE=180071894640 bestE=180071894640
7500000 curE=179884359064 bestE=179884359064
7600000 curE=179690412734 bestE=179690412734
7700000 curE=179505549380 bestE=179505549380
7800000 curE=179318983762 bestE=179318983762
7900000 curE=179128595840 bestE=179128595840
runtime_seconds = 8974.77
runtime_minutes = 149.579
Reading images: source= B_1920x1080.png target= A_1920x1080.png
Output= out_BtoA.png
Pixel Geometry: 1920 x 1080
start E = 198101363724
0 curE=198101361448 bestE=198101361448
100000 curE=197990918902 bestE=197990631136
200000 curE=197873039744 bestE=197873039744
300000 curE=197744949408 bestE=197744215042
400000 curE=197612049254 bestE=197611888382
500000 curE=197468658558 bestE=197468601302
600000 curE=197307309070 bestE=197307186564
700000 curE=197139599864 bestE=197139544628
800000 curE=196962287330 bestE=196962216650
900000 curE=196775316678 bestE=196775250946
1000000 curE=196566810706 bestE=196566793286
1100000 curE=196359631464 bestE=196359627500
1200000 curE=196145105764 bestE=196145009490
1300000 curE=195923358966 bestE=195923332554
1400000 curE=195676946854 bestE=195676941440
1500000 curE=195429312342 bestE=195429303752
1600000 curE=195171597278 bestE=195171597278
1700000 curE=194892658576 bestE=194892653752
1800000 curE=194615199630 bestE=194615199630
1900000 curE=194328486144 bestE=194328440010
2000000 curE=194035379944 bestE=194035379944
2100000 curE=193748248020 bestE=193748246166
2200000 curE=193438668284 bestE=193438668284
2300000 curE=193125185034 bestE=193125185034
2400000 curE=192805206546 bestE=192805202970
2500000 curE=192485610168 bestE=192485610168
2600000 curE=192166270928 bestE=192166234508
2700000 curE=191841299694 bestE=191841261742
2800000 curE=191503292758 bestE=191503292758
2900000 curE=191167576208 bestE=191167574446
3000000 curE=190832465788 bestE=190832450570
3100000 curE=190498349262 bestE=190498349262
3200000 curE=190160157888 bestE=190160157888
3300000 curE=189818972378 bestE=189818970722
3400000 curE=189492578146 bestE=189492577634
3500000 curE=189157803732 bestE=189157802380
3600000 curE=188827204796 bestE=188827204774
3700000 curE=188505057218 bestE=188505054314
3800000 curE=188173899534 bestE=188173898094
3900000 curE=187851542614 bestE=187851542614
4000000 curE=187529444522 bestE=187529444034
4100000 curE=187220823488 bestE=187220817008
4200000 curE=186904349190 bestE=186904346208
4300000 curE=186589645286 bestE=186589645286
4400000 curE=186287904900 bestE=186287904900
4500000 curE=185976478138 bestE=185976478138
4600000 curE=185675734804 bestE=185675734804
4700000 curE=185392695814 bestE=185392695814
4800000 curE=185105826140 bestE=185105826140
4900000 curE=184817480336 bestE=184817480316
5000000 curE=184538115494 bestE=184538115494
5100000 curE=184262799622 bestE=184262799622
5200000 curE=183987690368 bestE=183987689834
5300000 curE=183716966964 bestE=183716966964
5400000 curE=183455152158 bestE=183455152158
[2025-12-15T04:58:47.009] error: *** JOB 6704073 ON udc-aw32-2c0 CANCELLED AT 2025-12-15T04:58:47 DUE TO TIME LIMIT ***
