make: Nothing to be done for 'all'.
Reading images: source= B_1920x1080.png target= A_1920x1080.png
Output= out_BtoA.png
Pixel Geometry: 1920 x 1080
start E = 198101363724
0 curE=198101361448 bestE=198101361448
100000 curE=197990918902 bestE=197990631136
200000 curE=197873039744 bestE=197873039744
300000 curE=197744949408 bestE=197744215042
400000 curE=197612049254 bestE=197611888382
500000 curE=197468658558 bestE=197468601302
600000 curE=197307309070 bestE=197307186564
700000 curE=197139599864 bestE=197139544628
800000 curE=196962287330 bestE=196962216650
900000 curE=196775316678 bestE=196775250946
1000000 curE=196566810706 bestE=196566793286
1100000 curE=196359631464 bestE=196359627500
1200000 curE=196145105764 bestE=196145009490
1300000 curE=195923358966 bestE=195923332554
1400000 curE=195676946854 bestE=195676941440
1500000 curE=195429312342 bestE=195429303752
1600000 curE=195171597278 bestE=195171597278
1700000 curE=194892658576 bestE=194892653752
1800000 curE=194615199630 bestE=194615199630
1900000 curE=194328486144 bestE=194328440010
2000000 curE=194035379944 bestE=194035379944
2100000 curE=193748248020 bestE=193748246166
2200000 curE=193438668284 bestE=193438668284
2300000 curE=193125185034 bestE=193125185034
2400000 curE=192805206546 bestE=192805202970
2500000 curE=192485610168 bestE=192485610168
2600000 curE=192166270928 bestE=192166234508
2700000 curE=191841299694 bestE=191841261742
2800000 curE=191503292758 bestE=191503292758
2900000 curE=191167576208 bestE=191167574446
3000000 curE=190832465788 bestE=190832450570
3100000 curE=190498349262 bestE=190498349262
3200000 curE=190160157888 bestE=190160157888
3300000 curE=189818972378 bestE=189818970722
3400000 curE=189492578146 bestE=189492577634
3500000 curE=189157803732 bestE=189157802380
3600000 curE=188827204796 bestE=188827204774
3700000 curE=188505057218 bestE=188505054314
3800000 curE=188173899534 bestE=188173898094
3900000 curE=187851542614 bestE=187851542614
4000000 curE=187529444522 bestE=187529444034
4100000 curE=187220823488 bestE=187220817008
4200000 curE=186904349190 bestE=186904346208
4300000 curE=186589645286 bestE=186589645286
4400000 curE=186287904900 bestE=186287904900
4500000 curE=185976478138 bestE=185976478138
4600000 curE=185675734804 bestE=185675734804
4700000 curE=185392695814 bestE=185392695814
4800000 curE=185105826140 bestE=185105826140
4900000 curE=184817480336 bestE=184817480316
5000000 curE=184538115494 bestE=184538115494
5100000 curE=184262799622 bestE=184262799622
5200000 curE=183987690368 bestE=183987689834
5300000 curE=183716966964 bestE=183716966964
5400000 curE=183455152158 bestE=183455152158
5500000 curE=183196927872 bestE=183196927872
5600000 curE=182942360088 bestE=182942360088
5700000 curE=182685188080 bestE=182685188080
5800000 curE=182437194194 bestE=182437194194
5900000 curE=182190745248 bestE=182190745248
6000000 curE=181951944438 bestE=181951944438
6100000 curE=181707554928 bestE=181707554928
6200000 curE=181471632098 bestE=181471631446
6300000 curE=181241049606 bestE=181241049606
6400000 curE=181007084068 bestE=181007084068
6500000 curE=180783784908 bestE=180783784908
6600000 curE=180563788724 bestE=180563788724
6700000 curE=180347369806 bestE=180347369806
6800000 curE=180134325352 bestE=180134325352
6900000 curE=179916559842 bestE=179916559842
7000000 curE=179708665404 bestE=179708665404
7100000 curE=179504690492 bestE=179504690492
7200000 curE=179299282682 bestE=179299282682
7300000 curE=179095828454 bestE=179095828454
7400000 curE=178894922426 bestE=178894922426
7500000 curE=178699830030 bestE=178699830030
7600000 curE=178506179608 bestE=178506179608
7700000 curE=178317922894 bestE=178317922894
7800000 curE=178132769970 bestE=178132769970
7900000 curE=177946279766 bestE=177946279766
runtime_seconds = 9483
runtime_minutes = 158.05
real 9486.15
user 9428.93
sys 17.48
done
