make: Nothing to be done for 'all'.
Reading images: source= B_1920x1080.png target= A_1920x1080.png
Output= out_BtoA.png
Pixel Geometry: 1920 x 1080
start E = 122039983825
Auto T0 = 79725.6 (probe=50000)
Tf=50.000000 alpha=0.999999877
0 T=79725.590201295 curE=122040013241 bestE=122039983825
100000 T=78751.716750819 curE=121387280971 bestE=121389074951
200000 T=77789.739474399 curE=120795143475 bestE=120796349245
300000 T=76839.513056481 curE=120215536567 bestE=120215939597
400000 T=75900.893956588 curE=119673860081 bestE=119674459999
500000 T=74973.740387641 curE=119150920081 bestE=119151841721
600000 T=74057.912294530 curE=118675290679 bestE=118677529573
700000 T=73153.271332961 curE=118219002205 bestE=118219653669
800000 T=72259.680848566 curE=117776885123 bestE=117776999749
900000 T=71377.005856250 curE=117344763151 bestE=117346399411
1000000 T=70505.113019804 curE=116946256149 bestE=116948791843
1100000 T=69643.870631768 curE=116534404589 bestE=116536153357
1200000 T=68793.148593518 curE=116139255517 bestE=116139221279
1300000 T=67952.818395641 curE=115758879075 bestE=115760753985
1400000 T=67122.753098498 curE=115399546747 bestE=115399976527
1500000 T=66302.827313058 curE=115053279089 bestE=115054217409
1600000 T=65492.917181962 curE=114725299691 bestE=114727167471
1700000 T=64692.900360806 curE=114400780979 bestE=114402839023
1800000 T=63902.655999660 curE=114073830699 bestE=114075454697
1900000 T=63122.064724816 curE=113758887293 bestE=113760596469
2000000 T=62351.008620753 curE=113446967525 bestE=113448105213
2100000 T=61589.371212326 curE=113152394819 bestE=113154393305
2200000 T=60837.037447173 curE=112865369867 bestE=112866838909
2300000 T=60093.893678332 curE=112577590191 bestE=112579223411
2400000 T=59359.827647072 curE=112322022221 bestE=112324688503
2500000 T=58634.728465939 curE=112071949071 bestE=112072642569
2600000 T=57918.486602008 curE=111799889367 bestE=111800573843
2700000 T=57210.993860330 curE=111547884579 bestE=111548826307
2800000 T=56512.143367593 curE=111305475933 bestE=111306514727
2900000 T=55821.829555977 curE=111056487879 bestE=111057987373
3000000 T=55139.948147207 curE=110821430477 bestE=110821716713
3100000 T=54466.396136798 curE=110593922541 bestE=110594951077
3200000 T=53801.071778499 curE=110359715807 bestE=110362024869
3300000 T=53143.874568922 curE=110138219483 bestE=110141064075
3400000 T=52494.705232359 curE=109915130259 bestE=109917181351
3500000 T=51853.465705787 curE=109690409265 bestE=109693127273
3600000 T=51220.059124056 curE=109477863295 bestE=109478175161
3700000 T=50594.389805250 curE=109256667293 bestE=109257347481
3800000 T=49976.363236240 curE=109045765425 bestE=109048665435
3900000 T=49365.886058409 curE=108844385469 bestE=108846443291
4000000 T=48762.866053539 curE=108636073865 bestE=108637690999
4100000 T=48167.212129891 curE=108421343837 bestE=108422736957
4200000 T=47578.834308439 curE=108223739683 bestE=108226271439
4300000 T=46997.643709279 curE=108036224531 bestE=108038737199
4400000 T=46423.552538203 curE=107833435877 bestE=107833656241
4500000 T=45856.474073441 curE=107629467559 bestE=107631097961
4600000 T=45296.322652552 curE=107433792773 bestE=107434532425
4700000 T=44743.013659491 curE=107227996359 bestE=107228890893
4800000 T=44196.463511827 curE=107035797539 bestE=107038168913
4900000 T=43656.589648110 curE=106857927235 bestE=106859755583
5000000 T=43123.310515409 curE=106679046387 bestE=106681409781
5100000 T=42596.545556986 curE=106494349383 bestE=106497260657
5200000 T=42076.215200132 curE=106314134987 bestE=106315838903
5300000 T=41562.240844139 curE=106131108145 bestE=106131432079
5400000 T=41054.544848436 curE=105970406599 bestE=105971338049
5500000 T=40553.050520852 curE=105794155085 bestE=105795903045
5600000 T=40057.682106038 curE=105610692447 bestE=105611532871
5700000 T=39568.364774022 curE=105427774645 bestE=105430148131
5800000 T=39085.024608902 curE=105252481223 bestE=105254643111
5900000 T=38607.588597684 curE=105069746905 bestE=105070123963
6000000 T=38135.984619247 curE=104885539417 bestE=104886092169
6100000 T=37670.141433457 curE=104718979221 bestE=104719957365
6200000 T=37209.988670398 curE=104550841557 bestE=104551096899
6300000 T=36755.456819745 curE=104396932753 bestE=104397327603
6400000 T=36306.477220265 curE=104230293341 bestE=104231749983
6500000 T=35862.982049444 curE=104067535561 bestE=104068631231
6600000 T=35424.904313241 curE=103893036175 bestE=103893435119
6700000 T=34992.177835968 curE=103741023159 bestE=103742407619
6800000 T=34564.737250294 curE=103584439445 bestE=103585342273
6900000 T=34142.517987374 curE=103439342011 bestE=103440643493
7000000 T=33725.456267087 curE=103272793991 bestE=103274415697
7100000 T=33313.489088409 curE=103104567065 bestE=103105650855
7200000 T=32906.554219894 curE=102943511753 bestE=102945638809
7300000 T=32504.590190271 curE=102790778189 bestE=102792179593
7400000 T=32107.536279162 curE=102625532445 bestE=102625794909
7500000 T=31715.332507907 curE=102461049603 bestE=102462802951
7600000 T=31327.919630506 curE=102298745161 bestE=102300443287
7700000 T=30945.239124664 curE=102133001973 bestE=102135024095
7800000 T=30567.233182958 curE=101976889585 bestE=101978610971
7900000 T=30193.844704099 curE=101828802695 bestE=101830967495
8000000 T=29825.017284311 curE=101662142463 bestE=101662357283
8100000 T=29460.695208804 curE=101502909429 bestE=101504122833
8200000 T=29100.823443364 curE=101351279345 bestE=101352297877
8300000 T=28745.347626040 curE=101196362183 bestE=101197401559
8400000 T=28394.214058925 curE=101047776621 bestE=101047827165
8500000 T=28047.369700053 curE=100892454087 bestE=100894886551
8600000 T=27704.762155379 curE=100746873837 bestE=100749530631
8700000 T=27366.339670870 curE=100596334191 bestE=100598669299
8800000 T=27032.051124685 curE=100445885183 bestE=100447883981
8900000 T=26701.846019452 curE=100294414883 bestE=100295841973
9000000 T=26375.674474640 curE=100139560461 bestE=100141722967
9100000 T=26053.487219026 curE=99988223023 bestE=99991038743
9200000 T=25735.235583249 curE=99842949787 bestE=99842927593
9300000 T=25420.871492460 curE=99696736975 bestE=99698889235
9400000 T=25110.347459061 curE=99561052221 bestE=99562892563
9500000 T=24803.616575528 curE=99421339869 bestE=99422375615
9600000 T=24500.632507330 curE=99265710707 bestE=99265669059
9700000 T=24201.349485925 curE=99120124379 bestE=99121893207
9800000 T=23905.722301849 curE=98974165249 bestE=98975080069
9900000 T=23613.706297886 curE=98834530839 bestE=98834773487
10000000 T=23325.257362322 curE=98693838991 bestE=98694007203
10100000 T=23040.331922280 curE=98554362455 bestE=98555802845
10200000 T=22758.886937143 curE=98408144019 bestE=98409972105
10300000 T=22480.879892047 curE=98266441107 bestE=98267876769
10400000 T=22206.268791459 curE=98120168453 bestE=98122579181
10500000 T=21935.012152839 curE=97977984917 bestE=97978367977
10600000 T=21667.069000363 curE=97838386003 bestE=97840384537
10700000 T=21402.398858746 curE=97696443799 bestE=97698590967
10800000 T=21140.961747119 curE=97551858389 bestE=97554525171
10900000 T=20882.718172992 curE=97405765115 bestE=97405950577
11000000 T=20627.629126287 curE=97267046323 bestE=97268784093
11100000 T=20375.656073450 curE=97129403133 bestE=97130020575
11200000 T=20126.760951622 curE=96986384555 bestE=96986788707
11300000 T=19880.906162898 curE=96852028999 bestE=96852581429
11400000 T=19638.054568642 curE=96722506849 bestE=96724607375
11500000 T=19398.169483877 curE=96590224943 bestE=96590523085
11600000 T=19161.214671746 curE=96459717881 bestE=96461883735
11700000 T=18927.154338036 curE=96325051451 bestE=96326484013
11800000 T=18695.953125775 curE=96187849797 bestE=96188334521
11900000 T=18467.576109881 curE=96058850993 bestE=96059766935
12000000 T=18241.988791899 curE=95929554869 bestE=95929879721
12100000 T=18019.157094781 curE=95796559275 bestE=95798055949
12200000 T=17799.047357741 curE=95663194355 bestE=95664067343
12300000 T=17581.626331172 curE=95534906175 bestE=95536725963
12400000 T=17366.861171618 curE=95407824865 bestE=95409285499
12500000 T=17154.719436820 curE=95280008739 bestE=95281178389
12600000 T=16945.169080809 curE=95152530105 bestE=95153407769
12700000 T=16738.178449068 curE=95038201355 bestE=95039450447
12800000 T=16533.716273753 curE=94905561491 bestE=94907257719
12900000 T=16331.751668962 curE=94775431997 bestE=94777687947
13000000 T=16132.254126078 curE=94648798297 bestE=94649894327
13100000 T=15935.193509154 curE=94529511125 bestE=94530067207
13200000 T=15740.540050364 curE=94401857793 bestE=94402319517
13300000 T=15548.264345506 curE=94279322329 bestE=94279788705
13400000 T=15358.337349559 curE=94153185897 bestE=94154719561
13500000 T=15170.730372296 curE=94029679367 bestE=94030514481
13600000 T=14985.415073951 curE=93903014943 bestE=93905420833
13700000 T=14802.363460936 curE=93783162623 bestE=93784066189
13800000 T=14621.547881616 curE=93657645137 bestE=93658648771
13900000 T=14442.941022127 curE=93537108987 bestE=93538436747
14000000 T=14266.515902254 curE=93415699355 bestE=93415853067
14100000 T=14092.245871353 curE=93291929145 bestE=93293403863
14200000 T=13920.104604326 curE=93176506917 bestE=93177510395
14300000 T=13750.066097647 curE=93056734177 bestE=93058467283
14400000 T=13582.104665427 curE=92938952163 bestE=92939716705
14500000 T=13416.194935542 curE=92816781125 bestE=92818044789
14600000 T=13252.311845795 curE=92696890327 bestE=92697540989
14700000 T=13090.430640131 curE=92578727837 bestE=92579506099
14800000 T=12930.526864900 curE=92460932037 bestE=92462561695
14900000 T=12772.576365160 curE=92346829281 bestE=92347983891
15000000 T=12616.555281029 curE=92232996651 bestE=92234557763
15100000 T=12462.440044082 curE=92117599985 bestE=92118994299
15200000 T=12310.207373788 curE=92008022063 bestE=92009706149
15300000 T=12159.834273998 curE=91894546539 bestE=91894981515
15400000 T=12011.298029466 curE=91780093967 bestE=91781528975
15500000 T=11864.576202420 curE=91668434255 bestE=91669834617
15600000 T=11719.646629174 curE=91559879041 bestE=91560078453
15700000 T=11576.487416777 curE=91455846715 bestE=91456301683
15800000 T=11435.076939708 curE=91344999617 bestE=91345817191
15900000 T=11295.393836609 curE=91234706211 bestE=91235341265
16000000 T=11157.417007057 curE=91124945783 bestE=91126120489
16100000 T=11021.125608378 curE=91020800697 bestE=91022245895
16200000 T=10886.499052497 curE=90908439451 bestE=90908852189
16300000 T=10753.517002830 curE=90798576639 bestE=90799730899
16400000 T=10622.159371211 curE=90693912297 bestE=90695460955
16500000 T=10492.406314856 curE=90584932591 bestE=90585353891
16600000 T=10364.238233367 curE=90478913983 bestE=90480579627
16700000 T=10237.635765773 curE=90372997157 bestE=90373409783
16800000 T=10112.579787602 curE=90271134911 bestE=90271275151
16900000 T=9989.051407993 curE=90168793445 bestE=90168866313
17000000 T=9867.031966843 curE=90065279491 bestE=90065911835
17100000 T=9746.503031990 curE=89964749425 bestE=89965000055
17200000 T=9627.446396425 curE=89867535535 bestE=89868488975
17300000 T=9509.844075544 curE=89767566343 bestE=89768330133
17400000 T=9393.678304429 curE=89670002531 bestE=89670642409
17500000 T=9278.931535168 curE=89573965411 bestE=89574955197
17600000 T=9165.586434203 curE=89473576651 bestE=89474926613
17700000 T=9053.625879709 curE=89372228721 bestE=89372898119
17800000 T=8943.032959010 curE=89272013873 bestE=89272144393
17900000 T=8833.790966025 curE=89171449881 bestE=89172033305
18000000 T=8725.883398742 curE=89074980299 bestE=89075203709
18100000 T=8619.293956726 curE=88982461685 bestE=88982595047
18200000 T=8514.006538657 curE=88882575659 bestE=88882770953
18300000 T=8410.005239899 curE=88786782477 bestE=88787318353
18400000 T=8307.274350096 curE=88698223665 bestE=88698375391
18500000 T=8205.798350797 curE=88605173341 bestE=88606465297
18600000 T=8105.561913116 curE=88509480453 bestE=88510200315
18700000 T=8006.549895413 curE=88411211241 bestE=88412406599
18800000 T=7908.747341010 curE=88319381117 bestE=88319353361
18900000 T=7812.139475925 curE=88225404897 bestE=88226641787
19000000 T=7716.711706651 curE=88133510979 bestE=88133569541
19100000 T=7622.449617940 curE=88043193183 bestE=88044262865
19200000 T=7529.338970634 curE=87951600259 bestE=87951756571
19300000 T=7437.365699510 curE=87863701229 bestE=87864151529
19400000 T=7346.515911155 curE=87771604195 bestE=87772079833
19500000 T=7256.775881871 curE=87683857455 bestE=87684283101
19600000 T=7168.132055597 curE=87597785477 bestE=87597958869
19700000 T=7080.571041865 curE=87510245651 bestE=87511397597
19800000 T=6994.079613774 curE=87422946383 bestE=87424159491
19900000 T=6908.644705996 curE=87336321205 bestE=87336626253
20000000 T=6824.253412800 curE=87246860129 bestE=87247508253
20100000 T=6740.892986101 curE=87164286765 bestE=87164339579
20200000 T=6658.550833536 curE=87081716933 bestE=87082549889
20300000 T=6577.214516564 curE=86999771651 bestE=87000724927
20400000 T=6496.871748582 curE=86916988495 bestE=86917859903
20500000 T=6417.510393073 curE=86834031497 bestE=86834066487
20600000 T=6339.118461773 curE=86753049411 bestE=86753067149
20700000 T=6261.684112855 curE=86675273209 bestE=86676322885
20800000 T=6185.195649146 curE=86595408249 bestE=86596403211
20900000 T=6109.641516358 curE=86516827549 bestE=86517278321
21000000 T=6035.010301340 curE=86438063283 bestE=86438112729
21100000 T=5961.290730360 curE=86358040069 bestE=86358443147
21200000 T=5888.471667394 curE=86283020535 bestE=86283444563
21300000 T=5816.542112451 curE=86205359259 bestE=86206082463
21400000 T=5745.491199907 curE=86127474713 bestE=86128604135
21500000 T=5675.308196866 curE=86047895083 bestE=86048484793
21600000 T=5605.982501538 curE=85971815019 bestE=85972623461
21700000 T=5537.503641635 curE=85896344481 bestE=85897528659
21800000 T=5469.861272793 curE=85819545339 bestE=85819561367
21900000 T=5403.045177009 curE=85744441635 bestE=85745345433
22000000 T=5337.045261093 curE=85671670549 bestE=85672493315
22100000 T=5271.851555150 curE=85600829157 bestE=85601228059
22200000 T=5207.454211067 curE=85527983741 bestE=85528410907
22300000 T=5143.843501031 curE=85457591267 bestE=85457883341
22400000 T=5081.009816057 curE=85383221409 bestE=85383947791
22500000 T=5018.943664537 curE=85309987399 bestE=85310703575
22600000 T=4957.635670805 curE=85239916103 bestE=85240525489
22700000 T=4897.076573723 curE=85168164865 bestE=85169214651
22800000 T=4837.257225280 curE=85096208373 bestE=85096870475
22900000 T=4778.168589210 curE=85028721449 bestE=85028973201
23000000 T=4719.801739631 curE=84957265463 bestE=84957415129
23100000 T=4662.147859689 curE=84889649269 bestE=84890613915
23200000 T=4605.198240235 curE=84821284699 bestE=84822058881
23300000 T=4548.944278502 curE=84754061487 bestE=84754163809
23400000 T=4493.377476809 curE=84687818211 bestE=84688113963
23500000 T=4438.489441279 curE=84622183625 bestE=84623246981
23600000 T=4384.271880567 curE=84554871909 bestE=84555422875
23700000 T=4330.716604609 curE=84491393389 bestE=84491931737
23800000 T=4277.815523386 curE=84425838823 bestE=84426244347
23900000 T=4225.560645702 curE=84359699443 bestE=84360627179
24000000 T=4173.944077975 curE=84297080305 bestE=84297273113
24100000 T=4122.958023045 curE=84234912141 bestE=84235030771
24200000 T=4072.594778999 curE=84171704143 bestE=84172585993
24300000 T=4022.846738002 curE=84107994867 bestE=84108914063
24400000 T=3973.706385155 curE=84043435687 bestE=84044002493
24500000 T=3925.166297352 curE=83980920417 bestE=83981025359
24600000 T=3877.219142166 curE=83921113081 bestE=83921126919
24700000 T=3829.857676736 curE=83860159095 bestE=83860628425
24800000 T=3783.074746675 curE=83800705193 bestE=83801524313
24900000 T=3736.863284989 curE=83740906267 bestE=83741481139
25000000 T=3691.216311011 curE=83680251679 bestE=83681220249
25100000 T=3646.126929343 curE=83619067819 bestE=83619202323
25200000 T=3601.588328819 curE=83560933195 bestE=83561389481
25300000 T=3557.593781471 curE=83504387801 bestE=83504830145
25400000 T=3514.136641516 curE=83447221591 bestE=83447478487
25500000 T=3471.210344353 curE=83391483383 bestE=83391860053
25600000 T=3428.808405567 curE=83335421789 bestE=83335911415
25700000 T=3386.924419954 curE=83278037959 bestE=83278417933
25800000 T=3345.552060552 curE=83220655919 bestE=83221276493
25900000 T=3304.685077683 curE=83166686567 bestE=83166909503
26000000 T=3264.317298013 curE=83112526011 bestE=83112950215
26100000 T=3224.442623615 curE=83058887569 bestE=83059727647
26200000 T=3185.055031052 curE=83003309853 bestE=83003865103
26300000 T=3146.148570463 curE=82949211281 bestE=82949449485
26400000 T=3107.717364670 curE=82894911751 bestE=82895497733
26500000 T=3069.755608283 curE=82842001771 bestE=82842437311
26600000 T=3032.257566828 curE=82789171047 bestE=82789872947
26700000 T=2995.217575881 curE=82737092613 bestE=82737297425
26800000 T=2958.630040208 curE=82685391571 bestE=82685979631
26900000 T=2922.489432924 curE=82635799467 bestE=82636281597
27000000 T=2886.790294657 curE=82586213717 bestE=82586756381
27100000 T=2851.527232722 curE=82534974883 bestE=82535522717
27200000 T=2816.694920309 curE=82486760323 bestE=82487074189
27300000 T=2782.288095674 curE=82436251853 bestE=82436796427
27400000 T=2748.301561349 curE=82385595705 bestE=82386115565
27500000 T=2714.730183354 curE=82336629543 bestE=82336764941
27600000 T=2681.568890423 curE=82287233941 bestE=82287544193
27700000 T=2648.812673236 curE=82239221449 bestE=82239451143
27800000 T=2616.456583663 curE=82192034899 bestE=82192682401
27900000 T=2584.495734020 curE=82144353045 bestE=82144980651
28000000 T=2552.925296324 curE=82097343111 bestE=82097505707
28100000 T=2521.740501569 curE=82050201369 bestE=82050298759
28200000 T=2490.936639004 curE=82003554755 bestE=82003558675
28300000 T=2460.509055421 curE=81957087555 bestE=81957588741
28400000 T=2430.453154453 curE=81912091281 bestE=81912505115
28500000 T=2400.764395878 curE=81867793289 bestE=81867874807
28600000 T=2371.438294935 curE=81822668963 bestE=81822933309
28700000 T=2342.470421646 curE=81777636143 bestE=81777744641
28800000 T=2313.856400145 curE=81732443935 bestE=81732816587
28900000 T=2285.591908021 curE=81687472257 bestE=81688170911
29000000 T=2257.672675662 curE=81644211809 bestE=81644349093
29100000 T=2230.094485608 curE=81599902915 bestE=81600558507
29200000 T=2202.853171921 curE=81557099661 bestE=81557594103
29300000 T=2175.944619547 curE=81514282801 bestE=81514833015
29400000 T=2149.364763703 curE=81472035077 bestE=81472545411
29500000 T=2123.109589254 curE=81429657403 bestE=81430176665
29600000 T=2097.175130115 curE=81387558765 bestE=81387996427
29700000 T=2071.557468646 curE=81346826571 bestE=81347409815
29800000 T=2046.252735062 curE=81305421495 bestE=81305596299
29900000 T=2021.257106850 curE=81265541731 bestE=81265628253
30000000 T=1996.566808190 curE=81225626653 bestE=81225769283
30100000 T=1972.178109383 curE=81185990895 bestE=81186080291
30200000 T=1948.087326292 curE=81146100429 bestE=81146256623
30300000 T=1924.290819782 curE=81106461885 bestE=81106711013
30400000 T=1900.784995170 curE=81066999949 bestE=81067270759
30500000 T=1877.566301684 curE=81028779099 bestE=81028958295
30600000 T=1854.631231926 curE=80990302625 bestE=80990571669
30700000 T=1831.976321343 curE=80952045995 bestE=80952295105
30800000 T=1809.598147701 curE=80913615541 bestE=80914166329
30900000 T=1787.493330570 curE=80875201291 bestE=80875335035
31000000 T=1765.658530813 curE=80837916653 bestE=80838059459
31100000 T=1744.090450082 curE=80800765537 bestE=80801114447
31200000 T=1722.785830320 curE=80763435263 bestE=80763883033
31300000 T=1701.741453267 curE=80726255697 bestE=80726271775
31400000 T=1680.954139975 curE=80689918849 bestE=80689948721
31500000 T=1660.420750328 curE=80653796943 bestE=80653922511
31600000 T=1640.138182569 curE=80618578105 bestE=80618987079
31700000 T=1620.103372829 curE=80582173463 bestE=80582615045
31800000 T=1600.313294664 curE=80546310053 bestE=80546862229
31900000 T=1580.764958601 curE=80510995881 bestE=80511371707
32000000 T=1561.455411682 curE=80476266129 bestE=80476607689
32100000 T=1542.381737022 curE=80441015475 bestE=80441395187
32200000 T=1523.541053368 curE=80406676395 bestE=80407017925
32300000 T=1504.930514658 curE=80372399939 bestE=80372659729
32400000 T=1486.547309600 curE=80338484721 bestE=80338559235
32500000 T=1468.388661241 curE=80304356529 bestE=80304690977
32600000 T=1450.451826549 curE=80271983765 bestE=80271987269
32700000 T=1432.734096000 curE=80240259159 bestE=80240633531
32800000 T=1415.232793166 curE=80208355707 bestE=80208700675
32900000 T=1397.945274315 curE=80176455681 bestE=80176455681
33000000 T=1380.868928007 curE=80144806539 bestE=80144966623
33100000 T=1364.001174703 curE=80112507053 bestE=80112940149
33200000 T=1347.339466372 curE=80080739403 bestE=80081192207
33300000 T=1330.881286109 curE=80049291967 bestE=80049478101
33400000 T=1314.624147755 curE=80018517401 bestE=80018573663
33500000 T=1298.565595518 curE=79988186423 bestE=79988296557
33600000 T=1282.703203606 curE=79957974797 bestE=79958268987
33700000 T=1267.034575859 curE=79927365311 bestE=79927697963
33800000 T=1251.557345384 curE=79896984613 bestE=79897408081
33900000 T=1236.269174204 curE=79866901903 bestE=79867399595
34000000 T=1221.167752899 curE=79837088783 bestE=79837301057
34100000 T=1206.250800261 curE=79808250001 bestE=79808666127
34200000 T=1191.516062945 curE=79779400973 bestE=79779620941
34300000 T=1176.961315133 curE=79751246549 bestE=79751709043
34400000 T=1162.584358197 curE=79722555471 bestE=79722786545
34500000 T=1148.383020364 curE=79694548053 bestE=79694658731
34600000 T=1134.355156391 curE=79667035545 bestE=79667293535
34700000 T=1120.498647239 curE=79639486995 bestE=79639669523
34800000 T=1106.811399756 curE=79612013039 bestE=79612318661
34900000 T=1093.291346356 curE=79583782095 bestE=79583808647
35000000 T=1079.936444709 curE=79556063207 bestE=79556066411
35100000 T=1066.744677435 curE=79529120827 bestE=79529313743
35200000 T=1053.714051796 curE=79501853183 bestE=79502100365
35300000 T=1040.842599395 curE=79475165971 bestE=79475313065
35400000 T=1028.128375880 curE=79448753177 bestE=79449041655
35500000 T=1015.569460650 curE=79422739233 bestE=79422827485
35600000 T=1003.163956566 curE=79396664495 bestE=79396679709
35700000 T=990.909989662 curE=79370607681 bestE=79371005193
35800000 T=978.805708862 curE=79344761047 bestE=79345164855
35900000 T=966.849285703 curE=79319402079 bestE=79319753739
36000000 T=955.038914057 curE=79294291101 bestE=79294361219
36100000 T=943.372809859 curE=79269738801 bestE=79269915203
36200000 T=931.849210835 curE=79244451953 bestE=79244904807
36300000 T=920.466376240 curE=79220164373 bestE=79220163589
36400000 T=909.222586590 curE=79196757975 bestE=79196855217
36500000 T=898.116143409 curE=79172334067 bestE=79172446031
36600000 T=887.145368965 curE=79148074725 bestE=79148259285
36800000 T=865.604217586 curE=79101222785 bestE=79101349553
36900000 T=855.030586660 curE=79078046251 bestE=79078198599
37000000 T=844.586116000 curE=79055863273 bestE=79056113653
37100000 T=834.269227872 curE=79033309675 bestE=79033349491
37200000 T=824.078363816 curE=79011211629 bestE=79011281449
37300000 T=814.011984406 curE=78988801963 bestE=78988950215
37400000 T=804.068569024 curE=78966353965 bestE=78966575825
37500000 T=794.246615624 curE=78944520381 bestE=78944572715
37600000 T=784.544640510 curE=78923296129 bestE=78923651329
37700000 T=774.961178109 curE=78902156081 bestE=78902445211
37800000 T=765.494780750 curE=78880385979 bestE=78880416469
37900000 T=756.144018447 curE=78859979437 bestE=78860167895
38000000 T=746.907478680 curE=78838745121 bestE=78838918141
38100000 T=737.783766186 curE=78818546249 bestE=78818701953
38200000 T=728.771502742 curE=78797196137 bestE=78797305619
38300000 T=719.869326964 curE=78776723723 bestE=78776767725
38400000 T=711.075894096 curE=78755808487 bestE=78755918249
38600000 T=693.809959996 curE=78716842259 bestE=78716910249
38700000 T=685.334850586 curE=78697104547 bestE=78697261171
38800000 T=676.963267334 curE=78677925017 bestE=78678237695
38900000 T=668.693945636 curE=78658956425 bestE=78659187015
39000000 T=660.525636332 curE=78639487789 bestE=78639634003
39100000 T=652.457105526 curE=78620068201 bestE=78620082963
39200000 T=644.487134391 curE=78601481443 bestE=78601492365
39300000 T=636.614518989 curE=78583027813 bestE=78583204335
39400000 T=628.838070089 curE=78564684475 bestE=78564722539
39500000 T=621.156612986 curE=78545910491 bestE=78546213547
39600000 T=613.568987326 curE=78527227635 bestE=78527432067
39700000 T=606.074046928 curE=78508796251 bestE=78509033477
39800000 T=598.670659611 curE=78490582441 bestE=78490784597
39900000 T=591.357707026 curE=78472997931 bestE=78473278283
40000000 T=584.134084483 curE=78455070457 bestE=78455309743
40100000 T=576.998700788 curE=78437073571 bestE=78437086343
40200000 T=569.950478075 curE=78419306533 bestE=78419490847
40300000 T=562.988351645 curE=78401709901 bestE=78401798991
40400000 T=556.111269805 curE=78384943119 bestE=78385030957
40500000 T=549.318193707 curE=78367484997 bestE=78367488071
40600000 T=542.608097195 curE=78350623071 bestE=78350785175
40700000 T=535.979966647 curE=78333524893 bestE=78333792917
40800000 T=529.432800823 curE=78316691891 bestE=78316755573
40900000 T=522.965610712 curE=78300405617 bestE=78300768439
41000000 T=516.577419386 curE=78283807127 bestE=78283888203
41100000 T=510.267261849 curE=78267040097 bestE=78267326261
41200000 T=504.034184895 curE=78250658959 bestE=78250729207
41300000 T=497.877246959 curE=78234119029 bestE=78234139535
41400000 T=491.795517978 curE=78218272509 bestE=78218340051
41500000 T=485.788079252 curE=78201655241 bestE=78201889583
41600000 T=479.854023302 curE=78186177013 bestE=78186346779
41700000 T=473.992453733 curE=78170485737 bestE=78170601185
41800000 T=468.202485101 curE=78154883741 bestE=78155074965
41900000 T=462.483242778 curE=78139198069 bestE=78139370403
42000000 T=456.833862820 curE=78123800113 bestE=78123931141
42100000 T=451.253491836 curE=78108139817 bestE=78108266505
42200000 T=445.741286858 curE=78093017633 bestE=78093214851
42300000 T=440.296415218 curE=78078288567 bestE=78078507837
42400000 T=434.918054418 curE=78063081299 bestE=78063132711
42500000 T=429.605392006 curE=78048460729 bestE=78048649791
42600000 T=424.357625456 curE=78033223377 bestE=78033284377
42700000 T=419.173962044 curE=78018508129 bestE=78018754549
42800000 T=414.053618730 curE=78003592481 bestE=78003815105
42900000 T=408.995822038 curE=77989028563 bestE=77989185081
43000000 T=403.999807942 curE=77974588809 bestE=77974819097
43100000 T=399.064821748 curE=77960226667 bestE=77960443631
43300000 T=389.374960271 curE=77932084889 bestE=77932314347
43400000 T=384.618621244 curE=77918069671 bestE=77918297753
43600000 T=375.279534062 curE=77890084363 bestE=77890241161
43700000 T=370.695375152 curE=77876529577 bestE=77876766867
43800000 T=366.167213201 curE=77862536583 bestE=77862585941
43900000 T=361.694364189 curE=77848795577 bestE=77849053375
44000000 T=357.276152450 curE=77835138153 bestE=77835227313
44100000 T=352.911910574 curE=77821691177 bestE=77821783295
44200000 T=348.600979301 curE=77808502593 bestE=77808570509
44300000 T=344.342707425 curE=77794755037 bestE=77794995903
44400000 T=340.136451695 curE=77781021227 bestE=77781201721
44500000 T=335.981576717 curE=77767695143 bestE=77767803019
44600000 T=331.877454858 curE=77755132661 bestE=77755299247
44700000 T=327.823466154 curE=77742062403 bestE=77742215311
44800000 T=323.818998212 curE=77728943621 bestE=77729077131
44900000 T=319.863446120 curE=77716121107 bestE=77716183109
45000000 T=315.956212355 curE=77703762861 bestE=77703903369
45100000 T=312.096706694 curE=77690859125 bestE=77691013219
45200000 T=308.284346122 curE=77677788891 bestE=77677822491
45300000 T=304.518554748 curE=77665631865 bestE=77665701025
45400000 T=300.798763714 curE=77653057649 bestE=77653246049
45500000 T=297.124411110 curE=77640575537 bestE=77640829895
45600000 T=293.494941893 curE=77628410735 bestE=77628411763
45700000 T=289.909807797 curE=77616386407 bestE=77616582183
45900000 T=282.870385314 curE=77592214387 bestE=77592311173
46000000 T=279.415033557 curE=77580392165 bestE=77580499857
46100000 T=276.001890021 curE=77569124315 bestE=77569225565
46200000 T=272.630439119 curE=77557552319 bestE=77557602147
46300000 T=269.300171563 curE=77545971825 bestE=77546108285
46400000 T=266.010584284 curE=77534492001 bestE=77534494131
46500000 T=262.761180361 curE=77523092571 bestE=77523102595
46600000 T=259.551468941 curE=77511099209 bestE=77511230973
46700000 T=256.380965166 curE=77499560029 bestE=77499823413
46800000 T=253.249190105 curE=77488024975 bestE=77488027815
46900000 T=250.155670672 curE=77476446933 bestE=77476691559
47000000 T=247.099939563 curE=77465206807 bestE=77465433201
47100000 T=244.081535182 curE=77453919085 bestE=77453979349
47200000 T=241.100001570 curE=77442327223 bestE=77442443197
47300000 T=238.154888341 curE=77431111365 bestE=77431245735
47400000 T=235.245750606 curE=77419996949 bestE=77420067587
47500000 T=232.372148915 curE=77409263323 bestE=77409368951
47600000 T=229.533649182 curE=77398472135 bestE=77398612487
47700000 T=226.729822627 curE=77387723701 bestE=77387859711
47800000 T=223.960245706 curE=77376615679 bestE=77376744607
47900000 T=221.224500047 curE=77365940737 bestE=77365990251
48000000 T=218.522172392 curE=77355144211 bestE=77355189575
48100000 T=215.852854530 curE=77344503775 bestE=77344637199
48300000 T=210.611640206 curE=77323205881 bestE=77323207397
48400000 T=208.038952011 curE=77312604119 bestE=77312800879
48500000 T=205.497690021 curE=77302102285 bestE=77302158853
48600000 T=202.987470354 curE=77291761281 bestE=77292013293
48700000 T=200.507913820 curE=77281213265 bestE=77281494799
48800000 T=198.058645857 curE=77270832533 bestE=77271007513
48900000 T=195.639296482 curE=77260781539 bestE=77260885329
49000000 T=193.249500229 curE=77250417529 bestE=77250534601
49100000 T=190.888896098 curE=77240421115 bestE=77240511639
49200000 T=188.557127497 curE=77230699099 bestE=77230777395
49300000 T=186.253842192 curE=77220689945 bestE=77220926341
49400000 T=183.978692249 curE=77210678157 bestE=77210867101
49500000 T=181.731333987 curE=77200727031 bestE=77200778175
49600000 T=179.511427922 curE=77191148973 bestE=77191222549
49700000 T=177.318638715 curE=77181653117 bestE=77181864089
49800000 T=175.152635126 curE=77171801141 bestE=77171839653
49900000 T=173.013089959 curE=77161851315 bestE=77162014663
50000000 T=170.899680018 curE=77152359129 bestE=77152359001
50100000 T=168.812086052 curE=77142727743 bestE=77142905525
50200000 T=166.749992710 curE=77133101015 bestE=77133236251
50300000 T=164.713088495 curE=77123676889 bestE=77123829525
50400000 T=162.701065712 curE=77114183489 bestE=77114367159
50500000 T=160.713620428 curE=77104756751 bestE=77104902023
50600000 T=158.750452421 curE=77095599071 bestE=77095796449
50700000 T=156.811265135 curE=77086559125 bestE=77086649053
50800000 T=154.895765639 curE=77077314541 bestE=77077392407
50900000 T=153.003664579 curE=77068038177 bestE=77068180831
51000000 T=151.134676135 curE=77058518341 bestE=77058667741
51200000 T=147.464911234 curE=77041010729 bestE=77041150247
51300000 T=145.663580424 curE=77031781337 bestE=77031899783
51400000 T=143.884253444 curE=77022528039 bestE=77022631903
51500000 T=142.126661509 curE=77013447863 bestE=77013498041
51700000 T=138.675624015 curE=76995513089 bestE=76995653547
51800000 T=136.981657145 curE=76986926393 bestE=76987139463
51900000 T=135.308382620 curE=76978364291 bestE=76978454497
52000000 T=133.655547675 curE=76969159247 bestE=76969205633
52100000 T=132.022902636 curE=76960643589 bestE=76960799747
52200000 T=130.410200874 curE=76952022549 bestE=76952186409
52300000 T=128.817198778 curE=76943003225 bestE=76943067237
52400000 T=127.243655710 curE=76934254325 bestE=76934373853
52500000 T=125.689333970 curE=76925732333 bestE=76925834965
52600000 T=124.153998765 curE=76917302141 bestE=76917515851
52700000 T=122.637418169 curE=76908964115 bestE=76909031139
52800000 T=121.139363086 curE=76900273769 bestE=76900353089
52900000 T=119.659607224 curE=76891796685 bestE=76891855189
53000000 T=118.197927049 curE=76883436727 bestE=76883630353
53100000 T=116.754101764 curE=76875045349 bestE=76875139905
53200000 T=115.327913263 curE=76866542235 bestE=76866683857
53300000 T=113.919146109 curE=76857881663 bestE=76858080707
53400000 T=112.527587494 curE=76849570545 bestE=76849613929
53500000 T=111.153027210 curE=76841154613 bestE=76841319717
53600000 T=109.795257617 curE=76832977441 bestE=76833057139
53700000 T=108.454073612 curE=76824894619 bestE=76825128387
53800000 T=107.129272596 curE=76817042075 bestE=76817102737
53900000 T=105.820654446 curE=76809153601 bestE=76809228509
54000000 T=104.528021483 curE=76801359431 bestE=76801563939
54100000 T=103.251178443 curE=76793544023 bestE=76793699007
54200000 T=101.989932447 curE=76785399913 bestE=76785406599
54300000 T=100.744092973 curE=76777483379 bestE=76777561227
54400000 T=99.513471823 curE=76769413063 bestE=76769615453
54500000 T=98.297883103 curE=76761729559 bestE=76761738409
54600000 T=97.097143186 curE=76753968075 bestE=76754139875
54700000 T=95.911070688 curE=76746482961 bestE=76746504081
54800000 T=94.739486444 curE=76738734187 bestE=76738736253
54900000 T=93.582213474 curE=76731108333 bestE=76731242311
55000000 T=92.439076961 curE=76723613863 bestE=76723668605
55100000 T=91.309904225 curE=76715939041 bestE=76716131271
55200000 T=90.194524693 curE=76708267727 bestE=76708322337
55300000 T=89.092769877 curE=76700955191 bestE=76700983137
55400000 T=88.004473346 curE=76693403545 bestE=76693432637
55500000 T=86.929470704 curE=76686050191 bestE=76686196147
55600000 T=85.867599561 curE=76678845955 bestE=76678916249
55700000 T=84.818699512 curE=76671266519 bestE=76671302031
55900000 T=82.759180847 curE=76656634283 bestE=76656820109
56000000 T=81.748251122 curE=76649250763 bestE=76649440507
56100000 T=80.749670225 curE=76641855081 bestE=76642051791
56200000 T=79.763287311 curE=76634243637 bestE=76634341509
56300000 T=78.788953378 curE=76626770499 bestE=76626851221
56400000 T=77.826521245 curE=76619674477 bestE=76619733203
56500000 T=76.875845526 curE=76612731489 bestE=76612770253
56600000 T=75.936782613 curE=76605333349 bestE=76605387835
56700000 T=75.009190653 curE=76598485879 bestE=76598665759
56900000 T=73.187860815 curE=76584074375 bestE=76584112709
57000000 T=72.293847809 curE=76577074437 bestE=76577133533
57100000 T=71.410755457 curE=76570176145 bestE=76570292979
57200000 T=70.538450358 curE=76563223379 bestE=76563299041
57300000 T=69.676800744 curE=76556178341 bestE=76556182545
57400000 T=68.825676454 curE=76549142921 bestE=76549168367
57500000 T=67.984948918 curE=76542377435 bestE=76542497849
57600000 T=67.154491136 curE=76535164535 bestE=76535261991
57700000 T=66.334177660 curE=76528344501 bestE=76528450225
57800000 T=65.523884575 curE=76521644321 bestE=76521722555
57900000 T=64.723489477 curE=76514940465 bestE=76515091219
58000000 T=63.932871460 curE=76508283797 bestE=76508372837
58100000 T=63.151911094 curE=76501587661 bestE=76501750241
58200000 T=62.380490407 curE=76494513787 bestE=76494606341
58300000 T=61.618492869 curE=76488004055 bestE=76488051979
58400000 T=60.865803374 curE=76481293767 bestE=76481489333
58500000 T=60.122308220 curE=76474509055 bestE=76474573853
58600000 T=59.387895096 curE=76468079523 bestE=76468128625
58700000 T=58.662453062 curE=76461334323 bestE=76461359249
58800000 T=57.945872533 curE=76454771053 bestE=76454817499
58900000 T=57.238045264 curE=76448174021 bestE=76448193083
59000000 T=56.538864330 curE=76441910985 bestE=76442072943
59100000 T=55.848224113 curE=76435442477 bestE=76435576919
59200000 T=55.166020286 curE=76428820601 bestE=76428919631
59400000 T=53.826510849 curE=76416157181 bestE=76416202115
59500000 T=53.169002893 curE=76409851527 bestE=76410012405
59600000 T=52.519526606 curE=76403524455 bestE=76403580389
59700000 T=51.877983878 curE=76396976907 bestE=76397004557
59800000 T=51.244277799 curE=76390769649 bestE=76390958899
59900000 T=50.618312642 curE=76384369359 bestE=76384392155
runtime_seconds = 100.871064006
runtime_minutes = 1.681184400
Info in <TCanvas::Print>: png file collage_B_1920x1080_to_A_1920x1080.png has been created
real 104.26
user 101.65
sys 0.69
done
