make: Nothing to be done for 'all'.
Reading images: source= B_1920x1080.png target= A_1920x1080.png
Output= out_BtoA.png
Pixel Geometry: 1920 x 1080
start E = 122039983825
Auto T0 = 77899.2 (probe=50000)
Tf=1 alpha=9.999998122805016e-01
0 T=77899.185377 curE=122039952365 bestE=122039952365
100000 T=76450.505455 curE=121429044581 bestE=121428928799
200000 T=75028.766425 curE=120893357907 bestE=120893306601
300000 T=73633.467270 curE=120367347807 bestE=120367337169
400000 T=72264.116293 curE=119869024631 bestE=119869012095
500000 T=70920.230938 curE=119408690193 bestE=119408489817
600000 T=69601.337626 curE=118964789099 bestE=118964771427
700000 T=68306.971583 curE=118535542775 bestE=118535542775
800000 T=67036.676678 curE=118105611111 bestE=118105330391
900000 T=65790.005265 curE=117686796769 bestE=117686662327
1000000 T=64566.518020 curE=117270638889 bestE=117270505465
1100000 T=63365.783791 curE=116865793983 bestE=116865225575
1200000 T=62187.379443 curE=116487368613 bestE=116487182313
1300000 T=61030.889712 curE=116128312871 bestE=116128094777
1400000 T=59895.907053 curE=115777458155 bestE=115777157271
1500000 T=58782.031503 curE=115438522295 bestE=115438395497
1600000 T=57688.870536 curE=115099527813 bestE=115099282695
1700000 T=56616.038926 curE=114781352841 bestE=114780865411
1800000 T=55563.158610 curE=114463460513 bestE=114463460513
1900000 T=54529.858559 curE=114168964859 bestE=114168931443
2000000 T=53515.774639 curE=113873248275 bestE=113873245585
2100000 T=52520.549492 curE=113584464699 bestE=113584394799
2200000 T=51543.832403 curE=113295815665 bestE=113295627231
2300000 T=50585.279182 curE=113007556741 bestE=113007551033
2400000 T=49644.552036 curE=112742830707 bestE=112742811257
2500000 T=48721.319458 curE=112471222713 bestE=112471222713
2600000 T=47815.256103 curE=112199252477 bestE=112199241725
2700000 T=46926.042677 curE=111926860537 bestE=111926860537
2800000 T=46053.365825 curE=111663968491 bestE=111663833641
2900000 T=45196.918019 curE=111405845463 bestE=111405766383
3000000 T=44356.397450 curE=111158888467 bestE=111158861631
3100000 T=43531.507920 curE=110903950213 bestE=110903950213
3200000 T=42721.958742 curE=110668796443 bestE=110668508805
3300000 T=41927.464633 curE=110432021365 bestE=110431936643
3400000 T=41147.745617 curE=110201209875 bestE=110201209875
3500000 T=40382.526923 curE=109964395591 bestE=109964131051
3600000 T=39631.538890 curE=109738474867 bestE=109738368379
3700000 T=38894.516874 curE=109494822025 bestE=109494602219
3800000 T=38171.201150 curE=109267008161 bestE=109266895235
3900000 T=37461.336824 curE=109027451083 bestE=109027418271
4000000 T=36764.673743 curE=108804455143 bestE=108804355175
4100000 T=36080.966405 curE=108574095855 bestE=108574092851
4200000 T=35409.973873 curE=108349570687 bestE=108349540447
4300000 T=34751.459693 curE=108116553359 bestE=108116504297
4400000 T=34105.191806 curE=107902190149 bestE=107901945545
4500000 T=33470.942470 curE=107678990885 bestE=107678818179
4600000 T=32848.488178 curE=107455452999 bestE=107455357889
4700000 T=32237.609578 curE=107240302121 bestE=107240295945
4800000 T=31638.091399 curE=107027609063 bestE=107027590559
4900000 T=31049.722374 curE=106809217273 bestE=106809200789
5000000 T=30472.295163 curE=106591115401 bestE=106591053043
5100000 T=29905.606282 curE=106382679695 bestE=106382679695
5200000 T=29349.456032 curE=106170344753 bestE=106170326971
5300000 T=28803.648429 curE=105959214025 bestE=105958875185
5400000 T=28267.991131 curE=105754361163 bestE=105754290341
5500000 T=27742.295374 curE=105549130053 bestE=105549101577
5600000 T=27226.375906 curE=105333566797 bestE=105333457389
5700000 T=26720.050918 curE=105115253861 bestE=105115244121
5800000 T=26223.141982 curE=104910996607 bestE=104910982765
5900000 T=25735.473991 curE=104703727249 bestE=104703667007
6000000 T=25256.875090 curE=104501945969 bestE=104501931863
6100000 T=24787.176625 curE=104300257753 bestE=104300088683
6200000 T=24326.213074 curE=104096885249 bestE=104096885249
6300000 T=23873.821996 curE=103901770487 bestE=103901754151
6400000 T=23429.843970 curE=103709407017 bestE=103709380449
6500000 T=22994.122538 curE=103506588787 bestE=103506569447
6600000 T=22566.504156 curE=103298884457 bestE=103298884457
6700000 T=22146.838131 curE=103097791291 bestE=103097763201
6800000 T=21734.976575 curE=102901670145 bestE=102901670145
6900000 T=21330.774348 curE=102698834329 bestE=102698830255
7000000 T=20934.089012 curE=102504984695 bestE=102504823127
7100000 T=20544.780776 curE=102316674039 bestE=102316674039
7200000 T=20162.712450 curE=102129682609 bestE=102129651277
7300000 T=19787.749392 curE=101938887555 bestE=101938887555
7400000 T=19419.759469 curE=101749010925 bestE=101748956083
7500000 T=19058.613001 curE=101563758799 bestE=101563705441
7600000 T=18704.182723 curE=101372359025 bestE=101372359025
7700000 T=18356.343733 curE=101183820773 bestE=101183788373
7800000 T=18014.973454 curE=100992801011 bestE=100992752113
7900000 T=17679.951589 curE=100812677431 bestE=100812668345
8000000 T=17351.160078 curE=100633505297 bestE=100633505297
8100000 T=17028.483055 curE=100449143745 bestE=100449131725
[2025-12-19T10:11:17.017] error: *** JOB 6774326 ON udc-aw33-18c1 CANCELLED AT 2025-12-19T10:11:17 DUE to SIGNAL Terminated ***
