make: Nothing to be done for 'all'.
Reading images: source= A_1920x1080.png target= B_1920x1080.png
Output= out_AtoB.png
Pixel Geometry: 1920 x 1080
start E = 122039983825
Auto T0 = 79725.6 (probe=50000)
Tf=50.000000 alpha=0.999999877
0 T=79725.590201295 curE=122040013241 bestE=122039983825
100000 T=78751.716750819 curE=121390872657 bestE=121392181857
200000 T=77789.739474399 curE=120805107585 bestE=120807599825
300000 T=76839.513056481 curE=120231287565 bestE=120233720229
400000 T=75900.893956588 curE=119703799225 bestE=119705736905
500000 T=74973.740387641 curE=119211617763 bestE=119213707609
600000 T=74057.912294530 curE=118730104989 bestE=118730125949
700000 T=73153.271332961 curE=118264217477 bestE=118266040173
800000 T=72259.680848566 curE=117813244165 bestE=117814189619
900000 T=71377.005856250 curE=117392989397 bestE=117395671231
1000000 T=70505.113019804 curE=116988053605 bestE=116989488177
1100000 T=69643.870631768 curE=116599741173 bestE=116600862115
1200000 T=68793.148593518 curE=116206749337 bestE=116209423383
1300000 T=67952.818395641 curE=115839234739 bestE=115839483117
1400000 T=67122.753098498 curE=115491331289 bestE=115493511065
1500000 T=66302.827313058 curE=115163122143 bestE=115163266491
1600000 T=65492.917181962 curE=114830327421 bestE=114830408819
1700000 T=64692.900360806 curE=114509722729 bestE=114512128335
1800000 T=63902.655999660 curE=114190955059 bestE=114193650505
1900000 T=63122.064724816 curE=113885942469 bestE=113887878475
2000000 T=62351.008620753 curE=113598327605 bestE=113599679771
2100000 T=61589.371212326 curE=113320928829 bestE=113320957311
2200000 T=60837.037447173 curE=113047254055 bestE=113048245841
2300000 T=60093.893678332 curE=112785851043 bestE=112787548851
2400000 T=59359.827647072 curE=112509521161 bestE=112509135847
2500000 T=58634.728465939 curE=112259217875 bestE=112259771453
2600000 T=57918.486602008 curE=111999191467 bestE=112001870105
2700000 T=57210.993860330 curE=111765101361 bestE=111765779697
2800000 T=56512.143367593 curE=111521674997 bestE=111523725895
2900000 T=55821.829555977 curE=111291307629 bestE=111293569925
3000000 T=55139.948147207 curE=111059640433 bestE=111060652145
3100000 T=54466.396136798 curE=110834056185 bestE=110836763123
3200000 T=53801.071778499 curE=110620512777 bestE=110622194517
3300000 T=53143.874568922 curE=110418017055 bestE=110419416711
3400000 T=52494.705232359 curE=110197544849 bestE=110198390081
3500000 T=51853.465705787 curE=109997886695 bestE=109998219685
3600000 T=51220.059124056 curE=109790332983 bestE=109792091995
3700000 T=50594.389805250 curE=109577258871 bestE=109579928201
3800000 T=49976.363236240 curE=109363069411 bestE=109364842389
3900000 T=49365.886058409 curE=109162957697 bestE=109164878107
4000000 T=48762.866053539 curE=108961786605 bestE=108962203473
4100000 T=48167.212129891 curE=108762726749 bestE=108762695613
4200000 T=47578.834308439 curE=108585051017 bestE=108587455907
4300000 T=46997.643709279 curE=108393877529 bestE=108394017795
4400000 T=46423.552538203 curE=108199531659 bestE=108200391349
4500000 T=45856.474073441 curE=108011693171 bestE=108012849799
4600000 T=45296.322652552 curE=107828471915 bestE=107830988619
4700000 T=44743.013659491 curE=107652238713 bestE=107652711223
4800000 T=44196.463511827 curE=107474363291 bestE=107474304423
4900000 T=43656.589648110 curE=107302200805 bestE=107304874915
5000000 T=43123.310515409 curE=107143023993 bestE=107144529115
5100000 T=42596.545556986 curE=106956126431 bestE=106957335755
5200000 T=42076.215200132 curE=106780455055 bestE=106782068565
5300000 T=41562.240844139 curE=106608546349 bestE=106610048291
5400000 T=41054.544848436 curE=106439057409 bestE=106440452085
5500000 T=40553.050520852 curE=106277179629 bestE=106277335239
5600000 T=40057.682106038 curE=106111821311 bestE=106114138585
5700000 T=39568.364774022 curE=105943400201 bestE=105945107623
5800000 T=39085.024608902 curE=105774139147 bestE=105775867209
5900000 T=38607.588597684 curE=105614808909 bestE=105615821005
6000000 T=38135.984619247 curE=105454063883 bestE=105455946543
6100000 T=37670.141433457 curE=105289245593 bestE=105289681179
6200000 T=37209.988670398 curE=105128298283 bestE=105130075941
6300000 T=36755.456819745 curE=104968538089 bestE=104970642199
6400000 T=36306.477220265 curE=104812074469 bestE=104813910533
6500000 T=35862.982049444 curE=104663168383 bestE=104665999979
6600000 T=35424.904313241 curE=104514068363 bestE=104515064739
6700000 T=34992.177835968 curE=104365782707 bestE=104367487567
6800000 T=34564.737250294 curE=104215493405 bestE=104217138885
6900000 T=34142.517987374 curE=104068564111 bestE=104070567581
7000000 T=33725.456267087 curE=103921154523 bestE=103923700683
7100000 T=33313.489088409 curE=103781370517 bestE=103782974497
7200000 T=32906.554219894 curE=103627266213 bestE=103629788567
7300000 T=32504.590190271 curE=103484833579 bestE=103486240939
7400000 T=32107.536279162 curE=103336792731 bestE=103337941879
7500000 T=31715.332507907 curE=103185921877 bestE=103186118701
7600000 T=31327.919630506 curE=103049019765 bestE=103051226959
7700000 T=30945.239124664 curE=102907912053 bestE=102909348533
7800000 T=30567.233182958 curE=102770981347 bestE=102770981633
7900000 T=30193.844704099 curE=102622099177 bestE=102622870257
8000000 T=29825.017284311 curE=102474897361 bestE=102476237309
8100000 T=29460.695208804 curE=102329173547 bestE=102331879347
8200000 T=29100.823443364 curE=102191916865 bestE=102191943783
8300000 T=28745.347626040 curE=102064309473 bestE=102066982911
8400000 T=28394.214058925 curE=101924920589 bestE=101927634917
8500000 T=28047.369700053 curE=101788495209 bestE=101789442831
8600000 T=27704.762155379 curE=101648441933 bestE=101650398145
8700000 T=27366.339670870 curE=101508535195 bestE=101509239089
8800000 T=27032.051124685 curE=101368869159 bestE=101368841939
8900000 T=26701.846019452 curE=101227833147 bestE=101230079611
9000000 T=26375.674474640 curE=101094811505 bestE=101097235301
9100000 T=26053.487219026 curE=100957276335 bestE=100958363885
9200000 T=25735.235583249 curE=100824135191 bestE=100824771387
9300000 T=25420.871492460 curE=100689422377 bestE=100691503799
9400000 T=25110.347459061 curE=100562745471 bestE=100563915999
9500000 T=24803.616575528 curE=100426481453 bestE=100427012795
9600000 T=24500.632507330 curE=100291220369 bestE=100293030447
9700000 T=24201.349485925 curE=100157728001 bestE=100160286995
9800000 T=23905.722301849 curE=100029206563 bestE=100031509473
9900000 T=23613.706297886 curE=99900468955 bestE=99900949489
10000000 T=23325.257362322 curE=99768335555 bestE=99769455225
10100000 T=23040.331922280 curE=99632484577 bestE=99635251017
10200000 T=22758.886937143 curE=99507232239 bestE=99508981713
10300000 T=22480.879892047 curE=99383001665 bestE=99383936267
10400000 T=22206.268791459 curE=99253041943 bestE=99254930233
10500000 T=21935.012152839 curE=99119135529 bestE=99121284581
10600000 T=21667.069000363 curE=98996836205 bestE=98998515991
10700000 T=21402.398858746 curE=98868855451 bestE=98870893091
10800000 T=21140.961747119 curE=98742562085 bestE=98743583725
10900000 T=20882.718172992 curE=98618608793 bestE=98618545125
11000000 T=20627.629126287 curE=98497828511 bestE=98498469805
11100000 T=20375.656073450 curE=98382906965 bestE=98383040931
11200000 T=20126.760951622 curE=98258745949 bestE=98261082257
11300000 T=19880.906162898 curE=98136889201 bestE=98136958367
11400000 T=19638.054568642 curE=98020211857 bestE=98021321913
11500000 T=19398.169483877 curE=97897936393 bestE=97898744019
11600000 T=19161.214671746 curE=97774734323 bestE=97775951805
11700000 T=18927.154338036 curE=97656499553 bestE=97658192863
11800000 T=18695.953125775 curE=97537814737 bestE=97538187613
11900000 T=18467.576109881 curE=97421999123 bestE=97422923301
12000000 T=18241.988791899 curE=97308954217 bestE=97310596843
12100000 T=18019.157094781 curE=97194776997 bestE=97195826687
12200000 T=17799.047357741 curE=97078259861 bestE=97078966817
12300000 T=17581.626331172 curE=96965270095 bestE=96966972749
12400000 T=17366.861171618 curE=96848174927 bestE=96848867097
12500000 T=17154.719436820 curE=96739112475 bestE=96739740873
12600000 T=16945.169080809 curE=96621867169 bestE=96623888511
12700000 T=16738.178449068 curE=96505284077 bestE=96506618689
12800000 T=16533.716273753 curE=96390144903 bestE=96391496827
12900000 T=16331.751668962 curE=96283355685 bestE=96285427029
13000000 T=16132.254126078 curE=96175106271 bestE=96175236015
13100000 T=15935.193509154 curE=96062383393 bestE=96063358515
13200000 T=15740.540050364 curE=95948654975 bestE=95949681597
13300000 T=15548.264345506 curE=95843178039 bestE=95843911975
13400000 T=15358.337349559 curE=95738559867 bestE=95740315919
13500000 T=15170.730372296 curE=95629380645 bestE=95630660839
13600000 T=14985.415073951 curE=95521409533 bestE=95522540141
13700000 T=14802.363460936 curE=95413059861 bestE=95413532593
13800000 T=14621.547881616 curE=95308984745 bestE=95309472285
13900000 T=14442.941022127 curE=95204826345 bestE=95205606393
14000000 T=14266.515902254 curE=95099636029 bestE=95100042783
14100000 T=14092.245871353 curE=94994458415 bestE=94995359299
14200000 T=13920.104604326 curE=94890421129 bestE=94890820819
14300000 T=13750.066097647 curE=94785485781 bestE=94786512985
14400000 T=13582.104665427 curE=94685214381 bestE=94685792883
14500000 T=13416.194935542 curE=94585886005 bestE=94586633003
14600000 T=13252.311845795 curE=94483853547 bestE=94484905953
14700000 T=13090.430640131 curE=94386563571 bestE=94387593459
14800000 T=12930.526864900 curE=94285271711 bestE=94285882831
14900000 T=12772.576365160 curE=94188106419 bestE=94189492473
15000000 T=12616.555281029 curE=94091554237 bestE=94092356133
15100000 T=12462.440044082 curE=93994170633 bestE=93994278105
15200000 T=12310.207373788 curE=93900634265 bestE=93901056421
15300000 T=12159.834273998 curE=93804004613 bestE=93804216375
15400000 T=12011.298029466 curE=93712028057 bestE=93712538919
15500000 T=11864.576202420 curE=93614632489 bestE=93614964453
15600000 T=11719.646629174 curE=93524534247 bestE=93526126191
15700000 T=11576.487416777 curE=93430456393 bestE=93430948729
15800000 T=11435.076939708 curE=93336273029 bestE=93337130641
15900000 T=11295.393836609 curE=93244262511 bestE=93244346331
16000000 T=11157.417007057 curE=93156531573 bestE=93158115825
16100000 T=11021.125608378 curE=93065025759 bestE=93066530813
16200000 T=10886.499052497 curE=92975373359 bestE=92976169705
16300000 T=10753.517002830 curE=92883233305 bestE=92884319995
16400000 T=10622.159371211 curE=92791055881 bestE=92792412951
16500000 T=10492.406314856 curE=92703936765 bestE=92705317523
16600000 T=10364.238233367 curE=92616920983 bestE=92617329347
16700000 T=10237.635765773 curE=92529371589 bestE=92529371589
16800000 T=10112.579787602 curE=92440311085 bestE=92441042247
16900000 T=9989.051407993 curE=92354347659 bestE=92354763355
17000000 T=9867.031966843 curE=92269414153 bestE=92270073517
17100000 T=9746.503031990 curE=92184186979 bestE=92185060335
17200000 T=9627.446396425 curE=92099013909 bestE=92100270243
17300000 T=9509.844075544 curE=92019996493 bestE=92020040469
17400000 T=9393.678304429 curE=91938003633 bestE=91938321603
17500000 T=9278.931535168 curE=91855094941 bestE=91855165177
17600000 T=9165.586434203 curE=91774283291 bestE=91774626201
17700000 T=9053.625879709 curE=91693410875 bestE=91694406737
17800000 T=8943.032959010 curE=91614425171 bestE=91615210281
17900000 T=8833.790966025 curE=91532120089 bestE=91533405373
18000000 T=8725.883398742 curE=91453882899 bestE=91453888833
18100000 T=8619.293956726 curE=91371471807 bestE=91372223077
18200000 T=8514.006538657 curE=91292454513 bestE=91293035439
18300000 T=8410.005239899 curE=91209982659 bestE=91210732231
18400000 T=8307.274350096 curE=91129691843 bestE=91130669085
18500000 T=8205.798350797 curE=91047676063 bestE=91048085699
18600000 T=8105.561913116 curE=90970095975 bestE=90970723831
18700000 T=8006.549895413 curE=90892480461 bestE=90892782389
18800000 T=7908.747341010 curE=90817795255 bestE=90818966685
18900000 T=7812.139475925 curE=90740673287 bestE=90741942645
19000000 T=7716.711706651 curE=90666617355 bestE=90667483943
19100000 T=7622.449617940 curE=90591289443 bestE=90592016653
19200000 T=7529.338970634 curE=90517871997 bestE=90518701059
19300000 T=7437.365699510 curE=90441307547 bestE=90441533591
19400000 T=7346.515911155 curE=90367180279 bestE=90367415651
19500000 T=7256.775881871 curE=90292496059 bestE=90292903583
19600000 T=7168.132055597 curE=90218229939 bestE=90219369623
19700000 T=7080.571041865 curE=90150601437 bestE=90151354143
19800000 T=6994.079613774 curE=90082776983 bestE=90083282751
19900000 T=6908.644705996 curE=90014337353 bestE=90014830939
20000000 T=6824.253412800 curE=89944950269 bestE=89945294769
20100000 T=6740.892986101 curE=89876443569 bestE=89876540033
20200000 T=6658.550833536 curE=89806892811 bestE=89806938141
20300000 T=6577.214516564 curE=89744373789 bestE=89744590997
20400000 T=6496.871748582 curE=89677488905 bestE=89678305557
20500000 T=6417.510393073 curE=89610818849 bestE=89610840529
20600000 T=6339.118461773 curE=89543073953 bestE=89543297173
20700000 T=6261.684112855 curE=89474078815 bestE=89474825195
20800000 T=6185.195649146 curE=89408601289 bestE=89409113429
20900000 T=6109.641516358 curE=89343608453 bestE=89344007337
21000000 T=6035.010301340 curE=89279891893 bestE=89280067307
21100000 T=5961.290730360 curE=89212831091 bestE=89212956135
21200000 T=5888.471667394 curE=89146886179 bestE=89146958929
21300000 T=5816.542112451 curE=89082371483 bestE=89082405243
21400000 T=5745.491199907 curE=89019619755 bestE=89020122227
21500000 T=5675.308196866 curE=88956657355 bestE=88957103025
21600000 T=5605.982501538 curE=88894781279 bestE=88894998215
21700000 T=5537.503641635 curE=88831913563 bestE=88832502215
21800000 T=5469.861272793 curE=88771863169 bestE=88772758781
21900000 T=5403.045177009 curE=88710435029 bestE=88710984437
22000000 T=5337.045261093 curE=88651389973 bestE=88651569611
22100000 T=5271.851555150 curE=88590575593 bestE=88590746007
22200000 T=5207.454211067 curE=88532479655 bestE=88533214245
22300000 T=5143.843501031 curE=88471890961 bestE=88472327521
22400000 T=5081.009816057 curE=88413361827 bestE=88413977707
22500000 T=5018.943664537 curE=88355734163 bestE=88356168999
22600000 T=4957.635670805 curE=88298357755 bestE=88298917295
22700000 T=4897.076573723 curE=88239146667 bestE=88239633453
22800000 T=4837.257225280 curE=88183008005 bestE=88183082545
22900000 T=4778.168589210 curE=88125830325 bestE=88125995183
23000000 T=4719.801739631 curE=88071255483 bestE=88071772865
23100000 T=4662.147859689 curE=88014150037 bestE=88014512709
23200000 T=4605.198240235 curE=87958996975 bestE=87959084971
23300000 T=4548.944278502 curE=87903562713 bestE=87904286249
23400000 T=4493.377476809 curE=87847892911 bestE=87848064737
23500000 T=4438.489441279 curE=87795231263 bestE=87795971065
23600000 T=4384.271880567 curE=87740674949 bestE=87741295779
23700000 T=4330.716604609 curE=87686107039 bestE=87686495335
23800000 T=4277.815523386 curE=87634294265 bestE=87634678085
23900000 T=4225.560645702 curE=87579641867 bestE=87579798801
24000000 T=4173.944077975 curE=87526578447 bestE=87526564115
24100000 T=4122.958023045 curE=87473604977 bestE=87474324647
24200000 T=4072.594778999 curE=87423022215 bestE=87423363125
24300000 T=4022.846738002 curE=87369706149 bestE=87370024627
24400000 T=3973.706385155 curE=87318944157 bestE=87319200269
24500000 T=3925.166297352 curE=87269221091 bestE=87269775593
24600000 T=3877.219142166 curE=87218109461 bestE=87218646947
24700000 T=3829.857676736 curE=87167730471 bestE=87167945651
24800000 T=3783.074746675 curE=87118148257 bestE=87118369717
24900000 T=3736.863284989 curE=87068222451 bestE=87068681259
25000000 T=3691.216311011 curE=87017558929 bestE=87017671235
25100000 T=3646.126929343 curE=86970437081 bestE=86970640241
25200000 T=3601.588328819 curE=86922611323 bestE=86923306653
25300000 T=3557.593781471 curE=86874251573 bestE=86874446077
25400000 T=3514.136641516 curE=86826096511 bestE=86826391133
25500000 T=3471.210344353 curE=86778770743 bestE=86779462393
25600000 T=3428.808405567 curE=86731730955 bestE=86732139097
25700000 T=3386.924419954 curE=86686498237 bestE=86686828907
25800000 T=3345.552060552 curE=86641159263 bestE=86641206717
25900000 T=3304.685077683 curE=86594864441 bestE=86595236259
26000000 T=3264.317298013 curE=86548766683 bestE=86549013799
26100000 T=3224.442623615 curE=86503735681 bestE=86503951099
26200000 T=3185.055031052 curE=86456808483 bestE=86456808483
26300000 T=3146.148570463 curE=86411749575 bestE=86411820519
26400000 T=3107.717364670 curE=86367038941 bestE=86367288705
26500000 T=3069.755608283 curE=86321542097 bestE=86322065103
26600000 T=3032.257566828 curE=86276383601 bestE=86276791087
26700000 T=2995.217575881 curE=86232403931 bestE=86232794335
26800000 T=2958.630040208 curE=86188876091 bestE=86188926843
26900000 T=2922.489432924 curE=86146116489 bestE=86146628945
27000000 T=2886.790294657 curE=86102555595 bestE=86102971483
27100000 T=2851.527232722 curE=86059932177 bestE=86060543337
27200000 T=2816.694920309 curE=86017658303 bestE=86018249999
27300000 T=2782.288095674 curE=85975641655 bestE=85975976379
27400000 T=2748.301561349 curE=85934632925 bestE=85934821821
27500000 T=2714.730183354 curE=85892997323 bestE=85893051471
27600000 T=2681.568890423 curE=85852178751 bestE=85852443405
27700000 T=2648.812673236 curE=85811120579 bestE=85811272821
27800000 T=2616.456583663 curE=85772304629 bestE=85772781195
27900000 T=2584.495734020 curE=85732468709 bestE=85732917383
28000000 T=2552.925296324 curE=85693373919 bestE=85693881229
28100000 T=2521.740501569 curE=85653693107 bestE=85653697523
28200000 T=2490.936639004 curE=85614188473 bestE=85614516797
28300000 T=2460.509055421 curE=85575299627 bestE=85575652275
28400000 T=2430.453154453 curE=85535858653 bestE=85536428803
28500000 T=2400.764395878 curE=85498170761 bestE=85498319693
28600000 T=2371.438294935 curE=85458913091 bestE=85459439343
28700000 T=2342.470421646 curE=85420879641 bestE=85421000165
28800000 T=2313.856400145 curE=85384129261 bestE=85384419705
28900000 T=2285.591908021 curE=85347931263 bestE=85348412031
29000000 T=2257.672675662 curE=85310628553 bestE=85310978779
29100000 T=2230.094485608 curE=85273455331 bestE=85273909719
29200000 T=2202.853171921 curE=85236246979 bestE=85236374497
29300000 T=2175.944619547 curE=85200401473 bestE=85200471545
29400000 T=2149.364763703 curE=85162921061 bestE=85162972169
29500000 T=2123.109589254 curE=85127607585 bestE=85127723439
29600000 T=2097.175130115 curE=85092516969 bestE=85092636635
29700000 T=2071.557468646 curE=85058253231 bestE=85058261971
29800000 T=2046.252735062 curE=85022007487 bestE=85022597037
29900000 T=2021.257106850 curE=84988026331 bestE=84988352283
30000000 T=1996.566808190 curE=84952469023 bestE=84952669541
30100000 T=1972.178109383 curE=84917538365 bestE=84917637271
30200000 T=1948.087326292 curE=84883161597 bestE=84883221849
30300000 T=1924.290819782 curE=84848971483 bestE=84849353039
30400000 T=1900.784995170 curE=84815078345 bestE=84815495027
30500000 T=1877.566301684 curE=84781358549 bestE=84781661663
30600000 T=1854.631231926 curE=84748108885 bestE=84748311741
30700000 T=1831.976321343 curE=84715041847 bestE=84715248043
30800000 T=1809.598147701 curE=84681657169 bestE=84681941919
30900000 T=1787.493330570 curE=84649779225 bestE=84650041889
31000000 T=1765.658530813 curE=84618123501 bestE=84618350181
31100000 T=1744.090450082 curE=84586643723 bestE=84586840831
31200000 T=1722.785830320 curE=84555274843 bestE=84555351071
31300000 T=1701.741453267 curE=84523772163 bestE=84523962149
31400000 T=1680.954139975 curE=84492470577 bestE=84492563315
31500000 T=1660.420750328 curE=84460793251 bestE=84460815409
31600000 T=1640.138182569 curE=84429910907 bestE=84430235733
31700000 T=1620.103372829 curE=84400007935 bestE=84400230639
31800000 T=1600.313294664 curE=84370010449 bestE=84370348741
31900000 T=1580.764958601 curE=84339238321 bestE=84339334103
32000000 T=1561.455411682 curE=84308868343 bestE=84308868015
32100000 T=1542.381737022 curE=84278447209 bestE=84278755717
32200000 T=1523.541053368 curE=84249012951 bestE=84249368609
32300000 T=1504.930514658 curE=84218527475 bestE=84218845501
32400000 T=1486.547309600 curE=84188542191 bestE=84188648789
32500000 T=1468.388661241 curE=84160752837 bestE=84160926367
32600000 T=1450.451826549 curE=84131339567 bestE=84131471007
32700000 T=1432.734096000 curE=84101864409 bestE=84101956217
32800000 T=1415.232793166 curE=84073328703 bestE=84073673063
32900000 T=1397.945274315 curE=84045015495 bestE=84045317277
33000000 T=1380.868928007 curE=84016690441 bestE=84016689753
33100000 T=1364.001174703 curE=83989363089 bestE=83989567997
33200000 T=1347.339466372 curE=83961491479 bestE=83961553277
33300000 T=1330.881286109 curE=83933341629 bestE=83933502351
33400000 T=1314.624147755 curE=83905543985 bestE=83905595815
33500000 T=1298.565595518 curE=83877644059 bestE=83877659337
33600000 T=1282.703203606 curE=83850067941 bestE=83850090355
33700000 T=1267.034575859 curE=83822748439 bestE=83823134309
33800000 T=1251.557345384 curE=83796060973 bestE=83796214171
33900000 T=1236.269174204 curE=83768904039 bestE=83768935069
34000000 T=1221.167752899 curE=83743121351 bestE=83743315335
34100000 T=1206.250800261 curE=83717862085 bestE=83718116143
34200000 T=1191.516062945 curE=83693299115 bestE=83693380881
34300000 T=1176.961315133 curE=83668267159 bestE=83668356109
34400000 T=1162.584358197 curE=83642621377 bestE=83642830773
34500000 T=1148.383020364 curE=83617035293 bestE=83617060907
34600000 T=1134.355156391 curE=83592185501 bestE=83592293083
34700000 T=1120.498647239 curE=83567508509 bestE=83567630075
34800000 T=1106.811399756 curE=83542738623 bestE=83542743091
34900000 T=1093.291346356 curE=83517291265 bestE=83517612083
35000000 T=1079.936444709 curE=83492590587 bestE=83492836191
35100000 T=1066.744677435 curE=83468861355 bestE=83469074397
35200000 T=1053.714051796 curE=83444904125 bestE=83444960857
35300000 T=1040.842599395 curE=83421087551 bestE=83421293731
35500000 T=1015.569460650 curE=83373810933 bestE=83373915955
35600000 T=1003.163956566 curE=83349866097 bestE=83350117303
35700000 T=990.909989662 curE=83325850827 bestE=83326199685
35800000 T=978.805708862 curE=83302710805 bestE=83302978383
35900000 T=966.849285703 curE=83279666291 bestE=83279952999
36000000 T=955.038914057 curE=83256239389 bestE=83256434053
36200000 T=931.849210835 curE=83210476625 bestE=83210646259
36300000 T=920.466376240 curE=83188354851 bestE=83188395693
36400000 T=909.222586590 curE=83166791163 bestE=83167034955
36500000 T=898.116143409 curE=83145008359 bestE=83145137823
36600000 T=887.145368965 curE=83123541945 bestE=83123578113
36700000 T=876.308606022 curE=83102349503 bestE=83102473799
36800000 T=865.604217586 curE=83082132345 bestE=83082372321
36900000 T=855.030586660 curE=83061867357 bestE=83061903719
37000000 T=844.586116000 curE=83041469297 bestE=83041770635
37100000 T=834.269227872 curE=83020083765 bestE=83020291627
37200000 T=824.078363816 curE=83000087539 bestE=83000088967
37300000 T=814.011984406 curE=82979717011 bestE=82979829295
37400000 T=804.068569024 curE=82959780865 bestE=82959935049
37500000 T=794.246615624 curE=82939433055 bestE=82939552887
37600000 T=784.544640510 curE=82920026055 bestE=82920271743
37700000 T=774.961178109 curE=82900735731 bestE=82900825265
37800000 T=765.494780750 curE=82881312123 bestE=82881446871
37900000 T=756.144018447 curE=82861267283 bestE=82861381981
38000000 T=746.907478680 curE=82842169049 bestE=82842201281
38100000 T=737.783766186 curE=82822653959 bestE=82822856421
38200000 T=728.771502742 curE=82803903781 bestE=82803942039
38300000 T=719.869326964 curE=82784358567 bestE=82784482577
38400000 T=711.075894096 curE=82765577357 bestE=82765786107
38500000 T=702.389875807 curE=82747261987 bestE=82747428533
38600000 T=693.809959996 curE=82728771625 bestE=82728915519
38700000 T=685.334850586 curE=82710305555 bestE=82710310093
38800000 T=676.963267334 curE=82691837921 bestE=82691919323
38900000 T=668.693945636 curE=82674177489 bestE=82674240143
39000000 T=660.525636332 curE=82656444897 bestE=82656550205
39100000 T=652.457105526 curE=82638551293 bestE=82638653477
39200000 T=644.487134391 curE=82620887245 bestE=82620940231
39300000 T=636.614518989 curE=82603359393 bestE=82603509799
39400000 T=628.838070089 curE=82584922307 bestE=82585126051
39500000 T=621.156612986 curE=82568071625 bestE=82568289637
39600000 T=613.568987326 curE=82550244113 bestE=82550267471
39700000 T=606.074046928 curE=82532995345 bestE=82533082619
39800000 T=598.670659611 curE=82515755935 bestE=82515887967
39900000 T=591.357707026 curE=82498805203 bestE=82498865091
40000000 T=584.134084483 curE=82482045491 bestE=82482149139
40100000 T=576.998700788 curE=82464464979 bestE=82464671979
40200000 T=569.950478075 curE=82447069159 bestE=82447162963
40300000 T=562.988351645 curE=82430855799 bestE=82430988281
40400000 T=556.111269805 curE=82414179779 bestE=82414209301
40500000 T=549.318193707 curE=82397299285 bestE=82397423919
40600000 T=542.608097195 curE=82380402595 bestE=82380409523
40700000 T=535.979966647 curE=82364119887 bestE=82364287831
40800000 T=529.432800823 curE=82347332831 bestE=82347385629
40900000 T=522.965610712 curE=82331292361 bestE=82331388913
41000000 T=516.577419386 curE=82314871167 bestE=82315044417
41200000 T=504.034184895 curE=82282374375 bestE=82282380649
41300000 T=497.877246959 curE=82266572093 bestE=82266614939
41400000 T=491.795517978 curE=82250998259 bestE=82251163383
41500000 T=485.788079252 curE=82234457717 bestE=82234668975
41600000 T=479.854023302 curE=82219410547 bestE=82219495025
41700000 T=473.992453733 curE=82203979315 bestE=82204240499
41800000 T=468.202485101 curE=82188473207 bestE=82188649885
41900000 T=462.483242778 curE=82172973615 bestE=82173145355
42000000 T=456.833862820 curE=82156961091 bestE=82157143153
42100000 T=451.253491836 curE=82141308913 bestE=82141429029
42200000 T=445.741286858 curE=82125888779 bestE=82126074121
42300000 T=440.296415218 curE=82111017255 bestE=82111066041
42400000 T=434.918054418 curE=82095690653 bestE=82095936977
42500000 T=429.605392006 curE=82080755723 bestE=82080791055
42600000 T=424.357625456 curE=82066071801 bestE=82066076975
42700000 T=419.173962044 curE=82051221993 bestE=82051320821
42800000 T=414.053618730 curE=82035730611 bestE=82035799047
42900000 T=408.995822038 curE=82021544333 bestE=82021641401
43000000 T=403.999807942 curE=82006174811 bestE=82006272039
43100000 T=399.064821748 curE=81991374969 bestE=81991625505
43200000 T=394.190117981 curE=81977446791 bestE=81977479893
43300000 T=389.374960271 curE=81962938385 bestE=81962980653
43400000 T=384.618621244 curE=81948862141 bestE=81948948339
43500000 T=379.920382412 curE=81934105213 bestE=81934238849
43600000 T=375.279534062 curE=81920081053 bestE=81920255405
43700000 T=370.695375152 curE=81905582807 bestE=81905674769
43800000 T=366.167213201 curE=81891537969 bestE=81891540125
43900000 T=361.694364189 curE=81877615503 bestE=81877705563
44000000 T=357.276152450 curE=81862900207 bestE=81862922071
44100000 T=352.911910574 curE=81849138321 bestE=81849271541
44200000 T=348.600979301 curE=81835067269 bestE=81835190397
44300000 T=344.342707425 curE=81821238287 bestE=81821382827
44400000 T=340.136451695 curE=81807730393 bestE=81807745405
44600000 T=331.877454858 curE=81779947225 bestE=81780193875
44700000 T=327.823466154 curE=81766494089 bestE=81766672915
44800000 T=323.818998212 curE=81752633947 bestE=81752783141
44900000 T=319.863446120 curE=81739071487 bestE=81739072995
45000000 T=315.956212355 curE=81725710397 bestE=81725786485
45100000 T=312.096706694 curE=81712690711 bestE=81712824459
45200000 T=308.284346122 curE=81699806743 bestE=81699998983
45300000 T=304.518554748 curE=81686218097 bestE=81686306625
45400000 T=300.798763714 curE=81673053957 bestE=81673076965
45500000 T=297.124411110 curE=81659812571 bestE=81660057663
45600000 T=293.494941893 curE=81646878803 bestE=81646939693
45700000 T=289.909807797 curE=81634226395 bestE=81634268303
45800000 T=286.368467255 curE=81621592683 bestE=81621608635
45900000 T=282.870385314 curE=81608459065 bestE=81608614951
46000000 T=279.415033557 curE=81595950191 bestE=81596022375
46100000 T=276.001890021 curE=81583545371 bestE=81583632497
46200000 T=272.630439119 curE=81570432563 bestE=81570505107
46300000 T=269.300171563 curE=81557966273 bestE=81558103395
46400000 T=266.010584284 curE=81545628681 bestE=81545653535
46500000 T=262.761180361 curE=81532817797 bestE=81532959217
46600000 T=259.551468941 curE=81519795573 bestE=81519927841
46700000 T=256.380965166 curE=81507300433 bestE=81507300761
46800000 T=253.249190105 curE=81495403961 bestE=81495425039
46900000 T=250.155670672 curE=81482666003 bestE=81482669313
47000000 T=247.099939563 curE=81470203243 bestE=81470348029
47100000 T=244.081535182 curE=81458385963 bestE=81458518581
47200000 T=241.100001570 curE=81445715871 bestE=81445738853
47300000 T=238.154888341 curE=81433930799 bestE=81434123603
47400000 T=235.245750606 curE=81422104209 bestE=81422175485
47500000 T=232.372148915 curE=81409930727 bestE=81410160071
47600000 T=229.533649182 curE=81398092413 bestE=81398263331
47700000 T=226.729822627 curE=81386016565 bestE=81386161821
47800000 T=223.960245706 curE=81374428287 bestE=81374536915
47900000 T=221.224500047 curE=81363134035 bestE=81363298309
48000000 T=218.522172392 curE=81351241117 bestE=81351391135
48100000 T=215.852854530 curE=81340058485 bestE=81340201817
48200000 T=213.216143234 curE=81328501339 bestE=81328681271
48300000 T=210.611640206 curE=81317430199 bestE=81317526709
48400000 T=208.038952011 curE=81306178943 bestE=81306283067
48500000 T=205.497690021 curE=81294676947 bestE=81294709541
48600000 T=202.987470354 curE=81282428825 bestE=81282623111
48700000 T=200.507913820 curE=81271055469 bestE=81271222705
48800000 T=198.058645857 curE=81260016589 bestE=81260028139
48900000 T=195.639296482 curE=81248523005 bestE=81248655435
49000000 T=193.249500229 curE=81237395935 bestE=81237523367
49200000 T=188.557127497 curE=81215161683 bestE=81215304771
49300000 T=186.253842192 curE=81203800541 bestE=81204012403
49400000 T=183.978692249 curE=81192942431 bestE=81193033111
49500000 T=181.731333987 curE=81181701475 bestE=81181706545
49600000 T=179.511427922 curE=81171040373 bestE=81171093183
49700000 T=177.318638715 curE=81159897821 bestE=81160084945
49800000 T=175.152635126 curE=81148812665 bestE=81148893785
49900000 T=173.013089959 curE=81138526455 bestE=81138672553
50000000 T=170.899680018 curE=81127573867 bestE=81127724085
50100000 T=168.812086052 curE=81116611861 bestE=81116635475
50200000 T=166.749992710 curE=81105549957 bestE=81105565409
50300000 T=164.713088495 curE=81094854417 bestE=81094978447
50400000 T=162.701065712 curE=81084064257 bestE=81084205579
50500000 T=160.713620428 curE=81073628057 bestE=81073676347
50600000 T=158.750452421 curE=81062724621 bestE=81062919159
50700000 T=156.811265135 curE=81052103035 bestE=81052176977
50800000 T=154.895765639 curE=81040881431 bestE=81040919411
50900000 T=153.003664579 curE=81029996727 bestE=81030155887
51000000 T=151.134676135 curE=81019839331 bestE=81019927343
51100000 T=149.288517980 curE=81009534405 bestE=81009644085
51200000 T=147.464911234 curE=80999427211 bestE=80999500459
51300000 T=145.663580424 curE=80989348571 bestE=80989409451
51400000 T=143.884253444 curE=80979186819 bestE=80979316985
51500000 T=142.126661509 curE=80968649887 bestE=80968747743
51600000 T=140.390539118 curE=80958304173 bestE=80958391443
51700000 T=138.675624015 curE=80947849359 bestE=80948014197
51800000 T=136.981657145 curE=80938112591 bestE=80938244129
51900000 T=135.308382620 curE=80928129723 bestE=80928220859
52000000 T=133.655547675 curE=80918015803 bestE=80918103709
52100000 T=132.022902636 curE=80907483647 bestE=80907640899
52200000 T=130.410200874 curE=80897967789 bestE=80898001839
52300000 T=128.817198778 curE=80887849063 bestE=80887929177
52400000 T=127.243655710 curE=80877431683 bestE=80877477153
52500000 T=125.689333970 curE=80868432101 bestE=80868468471
52600000 T=124.153998765 curE=80858629961 bestE=80858689745
52700000 T=122.637418169 curE=80849039397 bestE=80849134121
52800000 T=121.139363086 curE=80839287881 bestE=80839423403
52900000 T=119.659607224 curE=80830084603 bestE=80830215365
53000000 T=118.197927049 curE=80820342747 bestE=80820566449
53100000 T=116.754101764 curE=80810847131 bestE=80810935555
53200000 T=115.327913263 curE=80801715899 bestE=80801833801
53300000 T=113.919146109 curE=80791900705 bestE=80791964013
53400000 T=112.527587494 curE=80782655531 bestE=80782798251
53500000 T=111.153027210 curE=80773263141 bestE=80773352209
53600000 T=109.795257617 curE=80763743715 bestE=80763831183
53700000 T=108.454073612 curE=80754441693 bestE=80754457753
53800000 T=107.129272596 curE=80745045305 bestE=80745098889
53900000 T=105.820654446 curE=80736041121 bestE=80736066689
54100000 T=103.251178443 curE=80716252169 bestE=80716404901
54200000 T=101.989932447 curE=80706660451 bestE=80706809759
54300000 T=100.744092973 curE=80697353487 bestE=80697527619
54400000 T=99.513471823 curE=80688348715 bestE=80688430737
54500000 T=98.297883103 curE=80679326743 bestE=80679416897
54600000 T=97.097143186 curE=80670819155 bestE=80670920699
54700000 T=95.911070688 curE=80661895811 bestE=80661961283
54800000 T=94.739486444 curE=80653239647 bestE=80653287149
54900000 T=93.582213474 curE=80644170075 bestE=80644179873
55000000 T=92.439076961 curE=80635303331 bestE=80635413115
55100000 T=91.309904225 curE=80626213829 bestE=80626271963
55200000 T=90.194524693 curE=80617737811 bestE=80617841791
55300000 T=89.092769877 curE=80608685957 bestE=80608859969
55400000 T=88.004473346 curE=80599779961 bestE=80599921209
55600000 T=85.867599561 curE=80582415635 bestE=80582470409
55700000 T=84.818699512 curE=80573557257 bestE=80573559897
55800000 T=83.782612111 curE=80564760717 bestE=80564815821
55900000 T=82.759180847 curE=80555847987 bestE=80555976223
56000000 T=81.748251122 curE=80547057523 bestE=80547100699
56100000 T=80.749670225 curE=80538203289 bestE=80538266953
56200000 T=79.763287311 curE=80529477281 bestE=80529478153
56300000 T=78.788953378 curE=80520920197 bestE=80520929601
56500000 T=76.875845526 curE=80503900521 bestE=80503994471
56600000 T=75.936782613 curE=80495554497 bestE=80495577209
56700000 T=75.009190653 curE=80487395855 bestE=80487483613
56800000 T=74.092929523 curE=80478893695 bestE=80478914073
56900000 T=73.187860815 curE=80470486747 bestE=80470645995
57000000 T=72.293847809 curE=80462367739 bestE=80462388081
57100000 T=71.410755457 curE=80453756505 bestE=80453800189
57200000 T=70.538450358 curE=80445919241 bestE=80446035807
57300000 T=69.676800744 curE=80437690013 bestE=80437778267
57400000 T=68.825676454 curE=80429311449 bestE=80429337971
57500000 T=67.984948918 curE=80421235559 bestE=80421346141
57700000 T=66.334177660 curE=80404468871 bestE=80404551459
57800000 T=65.523884575 curE=80396325207 bestE=80396386191
57900000 T=64.723489477 curE=80388273501 bestE=80388413061
58100000 T=63.151911094 curE=80371330895 bestE=80371331123
58200000 T=62.380490407 curE=80362778049 bestE=80362823327
58300000 T=61.618492869 curE=80355131001 bestE=80355140643
58400000 T=60.865803374 curE=80347269231 bestE=80347276719
58500000 T=60.122308220 curE=80339276199 bestE=80339277077
58600000 T=59.387895096 curE=80331022907 bestE=80331065957
58700000 T=58.662453062 curE=80322780789 bestE=80322824511
58800000 T=57.945872533 curE=80314655671 bestE=80314778123
58900000 T=57.238045264 curE=80306592015 bestE=80306725471
59000000 T=56.538864330 curE=80298663185 bestE=80298716411
59100000 T=55.848224113 curE=80290956717 bestE=80291051107
59200000 T=55.166020286 curE=80283016475 bestE=80283154595
59300000 T=54.492149796 curE=80275284695 bestE=80275435653
59400000 T=53.826510849 curE=80267464455 bestE=80267512223
59500000 T=53.169002893 curE=80259654515 bestE=80259722985
59600000 T=52.519526606 curE=80251451709 bestE=80251477851
59700000 T=51.877983878 curE=80243296999 bestE=80243477871
59800000 T=51.244277799 curE=80235597691 bestE=80235728199
59900000 T=50.618312642 curE=80227894229 bestE=80227972969
runtime_seconds = 39.856584582
runtime_minutes = 0.664276410
Info in <TCanvas::Print>: png file collage_A_1920x1080_to_B_1920x1080.png has been created
real 44.13
user 40.85
sys 0.47
done
