make: Nothing to be done for 'all'.
Reading images: source= B_1920x1080.png target= A_1920x1080.png
Output= out_BtoA.png
Pixel Geometry: 1920 x 1080
Warning in <TASImage::GetArgbArray>: no image

 *** Break *** segmentation violation



===========================================================
There was a crash.
This is the entire stack trace of all threads:
===========================================================
#0  0x00007f7bbe8f2e0b in waitpid () from /lib64/libc.so.6
#1  0x00007f7bbe846747 in do_system () from /lib64/libc.so.6
#2  0x00007f7bc121d988 in TUnixSystem::StackTrace() () from /home/dke8qv/miniconda3/envs/phys56xx/lib/libCore.so.6.36
#3  0x00007f7bc121d286 in TUnixSystem::DispatchSignals(ESignals) () from /home/dke8qv/miniconda3/envs/phys56xx/lib/libCore.so.6.36
#4  <signal handler called>
#5  0x000056451cafba1b in main ()
===========================================================


The lines below might hint at the cause of the crash. If you see question
marks as part of the stack trace, try to recompile with debugging information
enabled and export CLING_DEBUG=1 environment variable before running.
You may get help by asking at the ROOT forum https://root.cern/forum
preferably using the command (.forum bug) in the ROOT prompt.
Only if you are really convinced it is a bug in ROOT then please submit a
report at https://root.cern/bugs or (preferably) using the command (.gh bug) in
the ROOT prompt. Please post the ENTIRE stack trace
from above as an attachment in addition to anything else
that might help us fixing this issue.
===========================================================
#5  0x000056451cafba1b in main ()
===========================================================


real 4.28
user 2.09
sys 0.72
done
